List()
.   Comments()
.   AndOrList(sep=)
.   .   Pipeline(banged=0)
.   .   .   FuncDef()
.   .   .   .   name: CommentedToken()
.   .   .   .   .   token: Word()
.   .   .   .   .   .   Lexeme(stop_mksh)
.   .   .   .   .   comments: Comments()
.   .   .   .   body: BraceGroup()
.   .   .   .   .   List()
.   .   .   .   .   .   Comments()
.   .   .   .   .   .   AndOrList(sep=;)
.   .   .   .   .   .   .   Pipeline(banged=0)
.   .   .   .   .   .   .   .   SimpleCommand()
.   .   .   .   .   .   .   .   .   name: Word()
.   .   .   .   .   .   .   .   .   .   CommandSubstitution()
.   .   .   .   .   .   .   .   .   .   .   If: Lexeme(if)
.   .   .   .   .   .   .   Comments()
.   .   Comments()
.   .   .   NewLine(<NEWLINE>)
.   AndOrList(sep=)
.   .   Pipeline(banged=0)
.   .   .   SimpleCommand()
.   .   .   .   name: Word()
.   .   .   .   .   Lexeme(echo)
.   .   .   .   argument: Word()
.   .   .   .   .   Lexeme(hello)
.   .   Comments()
.   .   .   NewLine(<NEWLINE>)
