List()
.   AndOrList(sep=)
.   .   first: Pipeline(banged=0)
.   .   .   SimpleCommand()
.   .   .   .   name: Word()
.   .   .   .   .   Lexeme(cat)
.   .   .   .   argument: HereDoc(<<)
.   .   .   .   .   delimiter: Word()
.   .   .   .   .   .   CommandSubstitution()
.   .   .   .   .   .   .   WORD: Word()
.   .   .   .   .   .   .   .   Lexeme(echo)
.   .   .   .   .   .   .   BLANK: Lexeme( )
.   .   .   .   .   .   .   WORD: Word()
.   .   .   .   .   .   .   .   QQString()
.   .   .   .   .   .   .   .   .   Lexeme(foo)
.   AndOrList(sep=)
.   .   first: Pipeline(banged=0)
.   .   .   SimpleCommand()
.   .   .   .   name: Word()
.   .   .   .   .   Lexeme(cat)
.   .   .   .   argument: HereDoc(<<)
.   .   .   .   .   delimiter: Word()
.   .   .   .   .   .   CommandSubstitution()
.   .   .   .   .   .   .   WORD: Word()
.   .   .   .   .   .   .   .   Lexeme(echo)
.   .   .   .   .   .   .   BLANK: Lexeme( )
.   .   .   .   .   .   .   WORD: Word()
.   .   .   .   .   .   .   .   Lexeme(foo)
.   AndOrList(sep=)
.   .   first: Pipeline(banged=0)
.   .   .   SimpleCommand()
.   .   .   .   name: Word()
.   .   .   .   .   Lexeme(cat)
.   .   .   .   argument: HereDoc(<<)
.   .   .   .   .   delimiter: Word()
.   .   .   .   .   .   CommandSubstitution()
.   .   .   .   .   .   .   WORD: Word()
.   .   .   .   .   .   .   .   Lexeme(echo)
.   .   .   .   .   .   .   BLANK: Lexeme( )
.   .   .   .   .   .   .   WORD: Word()
.   .   .   .   .   .   .   .   Lexeme(foo)
.   .   .   .   .   .   QQString()
