List()
.   Comments()
.   AndOrList(sep=)
.   .   Pipeline(banged=0)
.   .   .   FuncDef()
.   .   .   .   name: CommentedToken()
.   .   .   .   .   token: Word()
.   .   .   .   .   .   Lexeme(foo)
.   .   .   .   .   comments: Comments()
.   .   .   .   body: BraceGroup()
.   .   .   .   .   List()
.   .   .   .   .   .   Comments()
.   .   .   .   .   .   AndOrList(sep=;)
.   .   .   .   .   .   .   Pipeline(banged=0)
.   .   .   .   .   .   .   .   SimpleCommand()
.   .   .   .   .   .   .   .   .   name: Word()
.   .   .   .   .   .   .   .   .   .   Lexeme(echo)
.   .   .   .   .   .   .   .   .   argument: Word()
.   .   .   .   .   .   .   .   .   .   Lexeme(${foo:-$<OPEN>{})
.   .   .   .   .   .   .   Comments()
.   .   Comments()
.   .   .   NewLine(<NEWLINE>)
