List()
.   Comments()
.   AndOrList(sep=)
.   .   Pipeline(banged=0)
.   .   .   SimpleCommand()
.   .   .   .   prefix: Array()
.   .   .   .   .   name: Word()
.   .   .   .   .   .   Lexeme(foo=)
.   .   .   .   .   item: Word()
.   .   .   .   .   .   Lexeme(foo)
.   .   .   .   .   item: Word()
.   .   .   .   .   .   Lexeme(if)
.   .   .   .   .   item: Word()
.   .   .   .   .   .   Lexeme(bar)
.   .   .   .   name: Word()
.   .   .   .   .   Lexeme(echo)
.   .   .   .   argument: Word()
.   .   .   .   .   Lexeme(hello)
.   .   Comments()
.   .   .   NewLine(<NEWLINE>)
