List()
.   Comments()
.   AndOrList(sep=)
.   .   Pipeline(banged=0)
.   .   .   FuncDef()
.   .   .   .   name: CommentedToken()
.   .   .   .   .   token: Word()
.   .   .   .   .   .   Lexeme(foo)
.   .   .   .   .   comments: Comments()
.   .   .   .   .   .   Comment( hello)
.   .   .   .   .   .   NewLine(<NEWLINE>)
.   .   .   .   body: BraceGroup()
.   .   .   .   .   List()
.   .   .   .   .   .   Comments()
.   .   .   .   .   .   .   NewLine(<NEWLINE>)
.   .   .   .   .   .   .   Comment( noop)
.   .   .   .   .   .   .   NewLine(<NEWLINE>)
.   .   .   .   .   .   AndOrList(sep=)
.   .   .   .   .   .   .   Pipeline(banged=0)
.   .   .   .   .   .   .   .   SimpleCommand()
.   .   .   .   .   .   .   .   .   name: Word()
.   .   .   .   .   .   .   .   .   .   Lexeme(:)
.   .   .   .   .   .   .   Comments()
.   .   .   .   .   .   .   .   NewLine(<NEWLINE>)
.   .   Comments()
.   .   .   NewLine(<NEWLINE>)
