List()
.   Comments()
.   AndOrList(sep=)
.   .   Pipeline(banged=0)
.   .   .   CompoundCommand()
.   .   .   .   body: Case()
.   .   .   .   .   word: CommentedToken()
.   .   .   .   .   .   token: Word()
.   .   .   .   .   .   .   Lexeme(i)
.   .   .   .   .   .   comments: Comments()
.   .   .   .   .   .   .   Comment(1)
.   .   .   .   .   items: CaseItemList()
.   .   .   .   .   .   Comments()
.   .   .   .   .   .   .   Comment(2)
.   .   .   .   .   .   CaseItem()
.   .   .   .   .   .   .   pattern: Word()
.   .   .   .   .   .   .   .   Lexeme(1)
.   .   .   .   .   .   .   body: List()
.   .   .   .   .   .   .   .   Comments()
.   .   .   .   .   .   .   .   .   Comment(3)
.   .   .   .   .   .   .   dsemi: CommentedToken()
.   .   .   .   .   .   .   .   token: Operator(;;)
.   .   .   .   .   .   .   .   comments: Comments()
.   .   .   .   .   .   .   .   .   Comment(4)
.   .   .   .   .   .   CaseItem()
.   .   .   .   .   .   .   pattern: Word()
.   .   .   .   .   .   .   .   Lexeme(2)
.   .   .   .   .   .   .   body: List()
.   .   .   .   .   .   .   .   Comments()
.   .   .   .   .   .   .   .   .   Comment(5)
.   .   .   .   .   .   .   .   AndOrList(sep=)
.   .   .   .   .   .   .   .   .   Pipeline(banged=0)
.   .   .   .   .   .   .   .   .   .   SimpleCommand()
.   .   .   .   .   .   .   .   .   .   .   name: Word()
.   .   .   .   .   .   .   .   .   .   .   .   Lexeme(:)
.   .   .   .   .   .   .   .   .   Comments()
.   .   .   .   .   .   .   .   .   .   Comment(6)
.   .   .   .   .   .   .   dsemi: CommentedToken()
.   .   .   .   .   .   .   .   token: Operator(;;)
.   .   .   .   .   .   .   .   comments: Comments()
.   .   .   .   .   .   .   .   .   Comment(7)
.   .   .   .   .   .   CaseItem()
.   .   .   .   .   .   .   pattern: Word()
.   .   .   .   .   .   .   .   Lexeme(3)
.   .   .   .   .   .   .   body: List()
.   .   .   .   .   .   .   .   Comments()
.   .   .   .   .   .   .   .   .   Comment(8)
.   .   Comments()
.   .   .   Comment(9)
