List()
.   Comments()
.   .   Comment(1)
.   AndOrList(sep=)
.   .   Pipeline(banged=0)
.   .   .   CompoundCommand()
.   .   .   .   body: For()
.   .   .   .   .   variable: CommentedToken()
.   .   .   .   .   .   token: Word()
.   .   .   .   .   .   .   Lexeme(i)
.   .   .   .   .   .   comments: Comments()
.   .   .   .   .   .   .   Comment(2)
.   .   .   .   .   wordlist: CommentedToken()
.   .   .   .   .   .   token: WordList()
.   .   .   .   .   .   .   Word()
.   .   .   .   .   .   .   .   Lexeme(1)
.   .   .   .   .   .   comments: Comments()
.   .   .   .   .   .   .   Comment(3)
.   .   .   .   .   body: DoGroup()
.   .   .   .   .   .   List()
.   .   .   .   .   .   .   Comments()
.   .   .   .   .   .   .   .   Comment(4)
.   .   .   .   .   .   .   AndOrList(sep=)
.   .   .   .   .   .   .   .   Pipeline(banged=0)
.   .   .   .   .   .   .   .   .   SimpleCommand()
.   .   .   .   .   .   .   .   .   .   name: Word()
.   .   .   .   .   .   .   .   .   .   .   Lexeme(echo)
.   .   .   .   .   .   .   .   .   .   argument: Word()
.   .   .   .   .   .   .   .   .   .   .   Lexeme(A)
.   .   .   .   .   .   .   .   Comments()
.   .   .   .   .   .   .   .   .   Comment(5)
.   .   .   Comments()
.   .   .   .   Comment(6)
.   .   .   SimpleCommand()
.   .   .   .   name: Word()
.   .   .   .   .   Lexeme(sed)
.   .   .   .   argument: Word()
.   .   .   .   .   Lexeme(-e)
.   .   .   .   argument: Word()
.   .   .   .   .   QString(s/A/X/)
.   .   Operator(&&)
.   .   Comments()
.   .   .   Comment(7)
.   .   Pipeline(banged=0)
.   .   .   SimpleCommand()
.   .   .   .   name: Word()
.   .   .   .   .   Lexeme(echo)
.   .   .   .   argument: Word()
.   .   .   .   .   Lexeme(Y)
.   .   Comments()
.   .   .   Comment(8)
.   .   .   Comment(9)
