List()
.   AndOrList(sep=)
.   .   first: Pipeline(banged=0)
.   .   .   CompoundCommand()
.   .   .   .   body: For(variable=sig)
.   .   .   .   .   word: Word(TERM)
.   .   .   .   .   word: Word(QUIT)
.   .   .   .   .   word: Word(INT)
.   .   .   .   .   body: DoGroup()
.   .   .   .   .   .   List()
.   .   .   .   .   .   .   AndOrList(sep=)
.   .   .   .   .   .   .   .   first: Pipeline(banged=0)
.   .   .   .   .   .   .   .   .   SimpleCommand()
.   .   .   .   .   .   .   .   .   .   name: Word(cgroup_get_pids)
.   .   .   .   .   .   .   .   rest[||]: Pipeline(banged=0)
.   .   .   .   .   .   .   .   .   CompoundCommand()
.   .   .   .   .   .   .   .   .   .   body: BraceGroup()
.   .   .   .   .   .   .   .   .   .   .   List()
.   .   .   .   .   .   .   .   .   .   .   .   AndOrList(sep=;)
.   .   .   .   .   .   .   .   .   .   .   .   .   first: Pipeline(banged=0)
.   .   .   .   .   .   .   .   .   .   .   .   .   .   SimpleCommand()
.   .   .   .   .   .   .   .   .   .   .   .   .   .   .   name: Word(eend)
.   .   .   .   .   .   .   .   .   .   .   .   .   .   .   argument: Word(0)
.   .   .   .   .   .   .   .   .   .   .   .   .   .   .   argument: Word("finished")
.   .   .   .   .   .   .   .   .   .   .   .   AndOrList(sep=;)
.   .   .   .   .   .   .   .   .   .   .   .   .   first: Pipeline(banged=0)
.   .   .   .   .   .   .   .   .   .   .   .   .   .   SimpleCommand()
.   .   .   .   .   .   .   .   .   .   .   .   .   .   .   name: Word(return)
.   .   .   .   .   .   .   .   .   .   .   .   .   .   .   argument: Word(0)
.   .   .   .   .   .   .   AndOrList(sep=)
.   .   .   .   .   .   .   .   first: Pipeline(banged=0)
.   .   .   .   .   .   .   .   .   CompoundCommand()
.   .   .   .   .   .   .   .   .   .   body: For(variable=i)
.   .   .   .   .   .   .   .   .   .   .   word: Word(0)
.   .   .   .   .   .   .   .   .   .   .   word: Word(1)
.   .   .   .   .   .   .   .   .   .   .   body: DoGroup()
.   .   .   .   .   .   .   .   .   .   .   .   List()
.   .   .   .   .   .   .   .   .   .   .   .   .   AndOrList(sep=)
.   .   .   .   .   .   .   .   .   .   .   .   .   .   first: Pipeline(banged=0)
.   .   .   .   .   .   .   .   .   .   .   .   .   .   .   SimpleCommand()
.   .   .   .   .   .   .   .   .   .   .   .   .   .   .   .   name: Word(kill)
.   .   .   .   .   .   .   .   .   .   .   .   .   .   .   .   argument: Word(-s)
.   .   .   .   .   .   .   .   .   .   .   .   .   .   .   .   argument: Word($sig)
.   .   .   .   .   .   .   .   .   .   .   .   .   .   .   .   argument: Word($pids)
.   .   .   .   .   .   .   .   .   .   .   .   .   AndOrList(sep=)
.   .   .   .   .   .   .   .   .   .   .   .   .   .   first: Pipeline(banged=0)
.   .   .   .   .   .   .   .   .   .   .   .   .   .   .   CompoundCommand()
.   .   .   .   .   .   .   .   .   .   .   .   .   .   .   .   body: For(variable=j)
.   .   .   .   .   .   .   .   .   .   .   .   .   .   .   .   .   word: Word(0)
.   .   .   .   .   .   .   .   .   .   .   .   .   .   .   .   .   word: Word(1)
.   .   .   .   .   .   .   .   .   .   .   .   .   .   .   .   .   word: Word(2)
.   .   .   .   .   .   .   .   .   .   .   .   .   .   .   .   .   body: DoGroup()
.   .   .   .   .   .   .   .   .   .   .   .   .   .   .   .   .   .   List()
.   .   .   .   .   .   .   .   .   .   .   .   .   .   .   .   .   .   .   AndOrList(sep=)
.   .   .   .   .   .   .   .   .   .   .   .   .   .   .   .   .   .   .   .   first: Pipeline(banged=0)
.   .   .   .   .   .   .   .   .   .   .   .   .   .   .   .   .   .   .   .   .   SimpleCommand()
.   .   .   .   .   .   .   .   .   .   .   .   .   .   .   .   .   .   .   .   .   .   name: Word(cgroup_get_pids)
.   .   .   .   .   .   .   .   .   .   .   .   .   .   .   .   .   .   .   .   rest[||]: Pipeline(banged=0)
.   .   .   .   .   .   .   .   .   .   .   .   .   .   .   .   .   .   .   .   .   CompoundCommand()
.   .   .   .   .   .   .   .   .   .   .   .   .   .   .   .   .   .   .   .   .   .   body: BraceGroup()
.   .   .   .   .   .   .   .   .   .   .   .   .   .   .   .   .   .   .   .   .   .   .   List()
.   .   .   .   .   .   .   .   .   .   .   .   .   .   .   .   .   .   .   .   .   .   .   .   AndOrList(sep=;)
.   .   .   .   .   .   .   .   .   .   .   .   .   .   .   .   .   .   .   .   .   .   .   .   .   first: Pipeline(banged=0)
.   .   .   .   .   .   .   .   .   .   .   .   .   .   .   .   .   .   .   .   .   .   .   .   .   .   SimpleCommand()
.   .   .   .   .   .   .   .   .   .   .   .   .   .   .   .   .   .   .   .   .   .   .   .   .   .   .   name: Word(eend)
.   .   .   .   .   .   .   .   .   .   .   .   .   .   .   .   .   .   .   .   .   .   .   .   .   .   .   argument: Word(0)
.   .   .   .   .   .   .   .   .   .   .   .   .   .   .   .   .   .   .   .   .   .   .   .   .   .   .   argument: Word("finished")
.   .   .   .   .   .   .   .   .   .   .   .   .   .   .   .   .   .   .   .   .   .   .   .   AndOrList(sep=;)
.   .   .   .   .   .   .   .   .   .   .   .   .   .   .   .   .   .   .   .   .   .   .   .   .   first: Pipeline(banged=0)
.   .   .   .   .   .   .   .   .   .   .   .   .   .   .   .   .   .   .   .   .   .   .   .   .   .   SimpleCommand()
.   .   .   .   .   .   .   .   .   .   .   .   .   .   .   .   .   .   .   .   .   .   .   .   .   .   .   name: Word(return)
.   .   .   .   .   .   .   .   .   .   .   .   .   .   .   .   .   .   .   .   .   .   .   .   .   .   .   argument: Word(0)
.   .   .   .   .   .   .   .   .   .   .   .   .   .   .   .   .   .   .   AndOrList(sep=)
.   .   .   .   .   .   .   .   .   .   .   .   .   .   .   .   .   .   .   .   first: Pipeline(banged=0)
.   .   .   .   .   .   .   .   .   .   .   .   .   .   .   .   .   .   .   .   .   SimpleCommand()
.   .   .   .   .   .   .   .   .   .   .   .   .   .   .   .   .   .   .   .   .   .   name: Word(sleep)
.   .   .   .   .   .   .   .   .   .   .   .   .   .   .   .   .   .   .   .   .   .   argument: Word(1)
.   .   .   .   .   .   .   .   .   .   redirect: Redirection(2 > /dev/null)
