List()
.   AndOrList(sep=)
.   .   first: Pipeline(banged=0)
.   .   .   CompoundCommand()
.   .   .   .   body: If()
.   .   .   .   .   condition: List()
.   .   .   .   .   .   AndOrList(sep=;)
.   .   .   .   .   .   .   first: Pipeline(banged=0)
.   .   .   .   .   .   .   .   SimpleCommand()
.   .   .   .   .   .   .   .   .   name: Word(true)
.   .   .   .   .   then: List()
.   .   .   .   .   .   AndOrList(sep=;)
.   .   .   .   .   .   .   first: Pipeline(banged=0)
.   .   .   .   .   .   .   .   SimpleCommand()
.   .   .   .   .   .   .   .   .   name: Word(echo)
.   .   .   .   .   .   .   .   .   argument: Word(1)
.   .   .   .   .   else: List()
.   .   .   .   .   .   AndOrList(sep=;)
.   .   .   .   .   .   .   first: Pipeline(banged=0)
.   .   .   .   .   .   .   .   SimpleCommand()
.   .   .   .   .   .   .   .   .   name: Word(echo)
.   .   .   .   .   .   .   .   .   argument: Word(2)
.   AndOrList(sep=)
.   .   first: Pipeline(banged=0)
.   .   .   CompoundCommand()
.   .   .   .   body: For(variable=i)
.   .   .   .   .   word: Word(1)
.   .   .   .   .   word: Word(2)
.   .   .   .   .   word: Word(3)
.   .   .   .   .   body: DoGroup()
.   .   .   .   .   .   List()
.   .   .   .   .   .   .   AndOrList(sep=;)
.   .   .   .   .   .   .   .   first: Pipeline(banged=0)
.   .   .   .   .   .   .   .   .   SimpleCommand()
.   .   .   .   .   .   .   .   .   .   name: Word(echo)
.   .   .   .   .   .   .   .   .   .   argument: Word($i)
.   AndOrList(sep=)
.   .   first: Pipeline(banged=0)
.   .   .   FuncDef(name=func)
.   .   .   .   body: BraceGroup()
.   .   .   .   .   List()
.   .   .   .   .   .   AndOrList(sep=;)
.   .   .   .   .   .   .   first: Pipeline(banged=0)
.   .   .   .   .   .   .   .   SimpleCommand()
.   .   .   .   .   .   .   .   .   name: Word(echo)
.   .   .   .   .   .   .   .   .   argument: Word("foo")
.   AndOrList(sep=)
.   .   first: Pipeline(banged=0)
.   .   .   SimpleCommand()
.   .   .   .   prefix: Word(a=hello)
.   AndOrList(sep=)
.   .   first: Pipeline(banged=0)
.   .   .   SimpleCommand()
.   .   .   .   prefix: Word(b="hello")
.   AndOrList(sep=)
.   .   first: Pipeline(banged=0)
.   .   .   SimpleCommand()
.   .   .   .   name: Word(echo)
.   .   .   .   argument: Word(foo'b a r'"b a z")
.   .   .   .   argument: Word(test)
.   AndOrList(sep=)
.   .   first: Pipeline(banged=0)
.   .   .   SimpleCommand()
.   .   .   .   name: Word("x=hello")
.   .   rest[||]: Pipeline(banged=0)
.   .   .   SimpleCommand()
.   .   .   .   name: Word(echo)
.   .   .   .   argument: Word("ok")
.   AndOrList(sep=)
.   .   first: Pipeline(banged=0)
.   .   .   SimpleCommand()
.   .   .   .   prefix: Word(FOO=1)
.   .   .   .   prefix: Word(BAR=2)
.   .   .   .   name: Word(echo)
.   .   .   .   argument: Word("foobar")
