List()
.   AndOrList(sep=)
.   .   first: Pipeline(banged=0)
.   .   .   FuncDef()
.   .   .   .   name: Word()
.   .   .   .   .   Lexeme(_w)
.   .   .   .   body: BraceGroup()
.   .   .   .   .   List()
.   .   .   .   .   .   AndOrList(sep=)
.   .   .   .   .   .   .   first: Pipeline(banged=0)
.   .   .   .   .   .   .   .   SimpleCommand()
.   .   .   .   .   .   .   .   .   name: Word()
.   .   .   .   .   .   .   .   .   .   Lexeme(local)
.   .   .   .   .   .   .   .   .   argument: Word()
.   .   .   .   .   .   .   .   .   .   Lexeme(path=)
.   .   .   .   .   .   .   .   .   .   Lexeme($1)
.   .   .   .   .   .   .   .   .   argument: Word()
.   .   .   .   .   .   .   .   .   .   Lexeme(mode=)
.   .   .   .   .   .   .   .   .   .   Lexeme($2)
.   .   .   .   .   .   .   .   .   argument: Word()
.   .   .   .   .   .   .   .   .   .   Lexeme(uid=)
.   .   .   .   .   .   .   .   .   .   Lexeme($3)
.   .   .   .   .   .   .   .   .   argument: Word()
.   .   .   .   .   .   .   .   .   .   Lexeme(gid=)
.   .   .   .   .   .   .   .   .   .   Lexeme($4)
.   .   .   .   .   .   .   .   .   argument: Word()
.   .   .   .   .   .   .   .   .   .   Lexeme(age=)
.   .   .   .   .   .   .   .   .   .   Lexeme($5)
.   .   .   .   .   .   .   .   .   argument: Word()
.   .   .   .   .   .   .   .   .   .   Lexeme(arg=)
.   .   .   .   .   .   .   .   .   .   Lexeme($6)
.   .   .   .   .   .   AndOrList(sep=)
.   .   .   .   .   .   .   first: Pipeline(banged=0)
.   .   .   .   .   .   .   .   CompoundCommand()
.   .   .   .   .   .   .   .   .   body: If()
.   .   .   .   .   .   .   .   .   .   condition: List()
.   .   .   .   .   .   .   .   .   .   .   AndOrList(sep=;)
.   .   .   .   .   .   .   .   .   .   .   .   first: Pipeline(banged=0)
.   .   .   .   .   .   .   .   .   .   .   .   .   SimpleCommand()
.   .   .   .   .   .   .   .   .   .   .   .   .   .   name: Word()
.   .   .   .   .   .   .   .   .   .   .   .   .   .   .   Lexeme([)
.   .   .   .   .   .   .   .   .   .   .   .   .   .   argument: Word()
.   .   .   .   .   .   .   .   .   .   .   .   .   .   .   Lexeme(-f)
.   .   .   .   .   .   .   .   .   .   .   .   .   .   argument: Word()
.   .   .   .   .   .   .   .   .   .   .   .   .   .   .   Lexeme("$path")
.   .   .   .   .   .   .   .   .   .   .   .   .   .   argument: Word()
.   .   .   .   .   .   .   .   .   .   .   .   .   .   .   Lexeme(])
.   .   .   .   .   .   .   .   .   .   then: List()
.   .   .   .   .   .   .   .   .   .   .   AndOrList(sep=)
.   .   .   .   .   .   .   .   .   .   .   .   first: Pipeline(banged=0)
.   .   .   .   .   .   .   .   .   .   .   .   .   CompoundCommand()
.   .   .   .   .   .   .   .   .   .   .   .   .   .   body: If()
.   .   .   .   .   .   .   .   .   .   .   .   .   .   .   condition: List()
.   .   .   .   .   .   .   .   .   .   .   .   .   .   .   .   AndOrList(sep=;)
.   .   .   .   .   .   .   .   .   .   .   .   .   .   .   .   .   first: Pipeline(banged=0)
.   .   .   .   .   .   .   .   .   .   .   .   .   .   .   .   .   .   SimpleCommand()
.   .   .   .   .   .   .   .   .   .   .   .   .   .   .   .   .   .   .   name: Word()
.   .   .   .   .   .   .   .   .   .   .   .   .   .   .   .   .   .   .   .   Lexeme([)
.   .   .   .   .   .   .   .   .   .   .   .   .   .   .   .   .   .   .   argument: Word()
.   .   .   .   .   .   .   .   .   .   .   .   .   .   .   .   .   .   .   .   Lexeme($DRYRUN)
.   .   .   .   .   .   .   .   .   .   .   .   .   .   .   .   .   .   .   argument: Word()
.   .   .   .   .   .   .   .   .   .   .   .   .   .   .   .   .   .   .   .   Lexeme(-eq)
.   .   .   .   .   .   .   .   .   .   .   .   .   .   .   .   .   .   .   argument: Word()
.   .   .   .   .   .   .   .   .   .   .   .   .   .   .   .   .   .   .   .   Lexeme(1)
.   .   .   .   .   .   .   .   .   .   .   .   .   .   .   .   .   .   .   argument: Word()
.   .   .   .   .   .   .   .   .   .   .   .   .   .   .   .   .   .   .   .   Lexeme(])
.   .   .   .   .   .   .   .   .   .   .   .   .   .   .   then: List()
.   .   .   .   .   .   .   .   .   .   .   .   .   .   .   .   AndOrList(sep=)
.   .   .   .   .   .   .   .   .   .   .   .   .   .   .   .   .   first: Pipeline(banged=0)
.   .   .   .   .   .   .   .   .   .   .   .   .   .   .   .   .   .   SimpleCommand()
.   .   .   .   .   .   .   .   .   .   .   .   .   .   .   .   .   .   .   name: Word()
.   .   .   .   .   .   .   .   .   .   .   .   .   .   .   .   .   .   .   .   Lexeme(echo)
.   .   .   .   .   .   .   .   .   .   .   .   .   .   .   .   .   .   .   argument: Word()
.   .   .   .   .   .   .   .   .   .   .   .   .   .   .   .   .   .   .   .   Lexeme("echo <SLASH>"$arg<SLASH>" <GREATER><GREATER><SLASH>"$path<SLASH>"")
.   .   .   .   .   .   .   .   .   .   .   .   .   .   .   else: List()
.   .   .   .   .   .   .   .   .   .   .   .   .   .   .   .   AndOrList(sep=)
.   .   .   .   .   .   .   .   .   .   .   .   .   .   .   .   .   first: Pipeline(banged=0)
.   .   .   .   .   .   .   .   .   .   .   .   .   .   .   .   .   .   SimpleCommand()
.   .   .   .   .   .   .   .   .   .   .   .   .   .   .   .   .   .   .   name: Word()
.   .   .   .   .   .   .   .   .   .   .   .   .   .   .   .   .   .   .   .   Lexeme(echo)
.   .   .   .   .   .   .   .   .   .   .   .   .   .   .   .   .   .   .   argument: Word()
.   .   .   .   .   .   .   .   .   .   .   .   .   .   .   .   .   .   .   .   Lexeme("$arg")
.   .   .   .   .   .   .   .   .   .   .   .   .   .   .   .   .   .   .   argument: Redirection(>>)
.   .   .   .   .   .   .   .   .   .   .   .   .   .   .   .   .   .   .   .   filename: Word()
.   .   .   .   .   .   .   .   .   .   .   .   .   .   .   .   .   .   .   .   .   Lexeme("$path")
