List()
.   AndOrList(sep=)
.   .   first: Pipeline(banged=0)
.   .   .   SimpleCommand()
.   .   .   .   prefix: Word(n=`basename $s`)
.   AndOrList(sep=)
.   .   first: Pipeline(banged=0)
.   .   .   CompoundCommand()
.   .   .   .   body: Case()
.   .   .   .   .   word: Word("$n")
.   .   .   .   .   item: CaseItem()
.   .   .   .   .   .   pattern: Word(*~)
.   .   .   .   .   .   body: List()
.   .   .   .   .   .   .   AndOrList(sep=)
.   .   .   .   .   .   .   .   first: Pipeline(banged=0)
.   .   .   .   .   .   .   .   .   SimpleCommand()
.   .   .   .   .   .   .   .   .   .   name: Word(:)
.   .   .   .   .   item: CaseItem()
.   .   .   .   .   .   pattern: Word(make.*)
.   .   .   .   .   .   body: List()
.   .   .   .   .   .   .   AndOrList(sep=)
.   .   .   .   .   .   .   .   first: Pipeline(banged=0)
.   .   .   .   .   .   .   .   .   SimpleCommand()
.   .   .   .   .   .   .   .   .   .   name: Word(:)
.   .   .   .   .   item: CaseItem()
.   .   .   .   .   .   pattern: Word(CVS)
.   .   .   .   .   .   body: List()
.   .   .   .   .   .   .   AndOrList(sep=)
.   .   .   .   .   .   .   .   first: Pipeline(banged=0)
.   .   .   .   .   .   .   .   .   SimpleCommand()
.   .   .   .   .   .   .   .   .   .   name: Word(:)
.   .   .   .   .   item: CaseItem()
.   .   .   .   .   .   pattern: Word(*)
.   .   .   .   .   .   body: List()
.   .   .   .   .   .   .   AndOrList(sep=)
.   .   .   .   .   .   .   .   first: Pipeline(banged=0)
.   .   .   .   .   .   .   .   .   CompoundCommand()
.   .   .   .   .   .   .   .   .   .   body: If()
.   .   .   .   .   .   .   .   .   .   .   condition: List()
.   .   .   .   .   .   .   .   .   .   .   .   AndOrList(sep=)
.   .   .   .   .   .   .   .   .   .   .   .   .   first: Pipeline(banged=0)
.   .   .   .   .   .   .   .   .   .   .   .   .   .   SimpleCommand()
.   .   .   .   .   .   .   .   .   .   .   .   .   .   .   name: Word([)
.   .   .   .   .   .   .   .   .   .   .   .   .   .   .   argument: Word(-f)
.   .   .   .   .   .   .   .   .   .   .   .   .   .   .   argument: Word($s)
.   .   .   .   .   .   .   .   .   .   .   .   .   .   .   argument: Word(])
.   .   .   .   .   .   .   .   .   .   .   then: List()
.   .   .   .   .   .   .   .   .   .   .   .   AndOrList(sep=)
.   .   .   .   .   .   .   .   .   .   .   .   .   first: Pipeline(banged=0)
.   .   .   .   .   .   .   .   .   .   .   .   .   .   CompoundCommand()
.   .   .   .   .   .   .   .   .   .   .   .   .   .   .   body: If()
.   .   .   .   .   .   .   .   .   .   .   .   .   .   .   .   condition: List()
.   .   .   .   .   .   .   .   .   .   .   .   .   .   .   .   .   AndOrList(sep=)
.   .   .   .   .   .   .   .   .   .   .   .   .   .   .   .   .   .   first: Pipeline(banged=0)
.   .   .   .   .   .   .   .   .   .   .   .   .   .   .   .   .   .   .   SimpleCommand()
.   .   .   .   .   .   .   .   .   .   .   .   .   .   .   .   .   .   .   .   name: Word([)
.   .   .   .   .   .   .   .   .   .   .   .   .   .   .   .   .   .   .   .   argument: Word(-h)
.   .   .   .   .   .   .   .   .   .   .   .   .   .   .   .   .   .   .   .   argument: Word($build/$n)
.   .   .   .   .   .   .   .   .   .   .   .   .   .   .   .   .   .   .   .   argument: Word(])
.   .   .   .   .   .   .   .   .   .   .   .   .   .   .   .   then: List()
.   .   .   .   .   .   .   .   .   .   .   .   .   .   .   .   .   AndOrList(sep=)
.   .   .   .   .   .   .   .   .   .   .   .   .   .   .   .   .   .   first: Pipeline(banged=0)
.   .   .   .   .   .   .   .   .   .   .   .   .   .   .   .   .   .   .   SimpleCommand()
.   .   .   .   .   .   .   .   .   .   .   .   .   .   .   .   .   .   .   .   name: Word($new)
.   .   .   .   .   .   .   .   .   .   .   .   .   .   .   .   .   .   rest[&&]: Pipeline(banged=0)
.   .   .   .   .   .   .   .   .   .   .   .   .   .   .   .   .   .   .   SimpleCommand()
.   .   .   .   .   .   .   .   .   .   .   .   .   .   .   .   .   .   .   .   name: Word([)
.   .   .   .   .   .   .   .   .   .   .   .   .   .   .   .   .   .   .   .   argument: Word($n)
.   .   .   .   .   .   .   .   .   .   .   .   .   .   .   .   .   .   .   .   argument: Word(!=)
.   .   .   .   .   .   .   .   .   .   .   .   .   .   .   .   .   .   .   .   argument: Word(Makefile)
.   .   .   .   .   .   .   .   .   .   .   .   .   .   .   .   .   .   .   .   argument: Word(])
.   .   .   .   .   .   .   .   .   .   .   .   .   .   .   .   .   .   rest[&&]: Pipeline(banged=0)
.   .   .   .   .   .   .   .   .   .   .   .   .   .   .   .   .   .   .   SimpleCommand()
.   .   .   .   .   .   .   .   .   .   .   .   .   .   .   .   .   .   .   .   name: Word(echo)
.   .   .   .   .   .   .   .   .   .   .   .   .   .   .   .   .   .   .   .   argument: Word("$s used")
.   .   .   .   .   .   .   .   .   .   .   condition: List()
.   .   .   .   .   .   .   .   .   .   .   .   AndOrList(sep=)
.   .   .   .   .   .   .   .   .   .   .   .   .   first: Pipeline(banged=0)
.   .   .   .   .   .   .   .   .   .   .   .   .   .   SimpleCommand()
.   .   .   .   .   .   .   .   .   .   .   .   .   .   .   name: Word([)
.   .   .   .   .   .   .   .   .   .   .   .   .   .   .   argument: Word(-d)
.   .   .   .   .   .   .   .   .   .   .   .   .   .   .   argument: Word($s)
.   .   .   .   .   .   .   .   .   .   .   .   .   .   .   argument: Word(])
.   .   .   .   .   .   .   .   .   .   .   then: List()
.   .   .   .   .   .   .   .   .   .   .   .   AndOrList(sep=)
.   .   .   .   .   .   .   .   .   .   .   .   .   first: Pipeline(banged=0)
.   .   .   .   .   .   .   .   .   .   .   .   .   .   SimpleCommand()
.   .   .   .   .   .   .   .   .   .   .   .   .   .   .   name: Word(build_below)
.   .   .   .   .   .   .   .   .   .   .   .   .   .   .   argument: Word(../$root)
.   .   .   .   .   .   .   .   .   .   .   .   .   .   .   argument: Word($build/$n)
.   .   .   .   .   .   .   .   .   .   .   .   .   .   .   argument: Word($source/$n)
