List()
.   AndOrList(sep=)
.   .   first: Pipeline(banged=0)
.   .   .   CompoundCommand()
.   .   .   .   body: Case()
.   .   .   .   .   word: Word()
.   .   .   .   .   .   Lexeme("foo=1")
.   .   .   .   .   item: CaseItem()
.   .   .   .   .   .   pattern: Word()
.   .   .   .   .   .   .   Lexeme(bar)
.   .   .   .   .   .   body: List()
.   .   .   .   .   .   .   AndOrList(sep=;)
.   .   .   .   .   .   .   .   first: Pipeline(banged=0)
.   .   .   .   .   .   .   .   .   CompoundCommand()
.   .   .   .   .   .   .   .   .   .   body: If()
.   .   .   .   .   .   .   .   .   .   .   condition: List()
.   .   .   .   .   .   .   .   .   .   .   .   AndOrList(sep=;)
.   .   .   .   .   .   .   .   .   .   .   .   .   first: Pipeline(banged=0)
.   .   .   .   .   .   .   .   .   .   .   .   .   .   SimpleCommand()
.   .   .   .   .   .   .   .   .   .   .   .   .   .   .   name: Word()
.   .   .   .   .   .   .   .   .   .   .   .   .   .   .   .   Lexeme(true)
.   .   .   .   .   .   .   .   .   .   .   then: List()
.   .   .   .   .   .   .   .   .   .   .   .   AndOrList(sep=;)
.   .   .   .   .   .   .   .   .   .   .   .   .   first: Pipeline(banged=0)
.   .   .   .   .   .   .   .   .   .   .   .   .   .   SimpleCommand()
.   .   .   .   .   .   .   .   .   .   .   .   .   .   .   name: Word()
.   .   .   .   .   .   .   .   .   .   .   .   .   .   .   .   Lexeme(echo)
.   .   .   .   .   .   .   .   .   .   .   .   .   .   .   argument: Word()
.   .   .   .   .   .   .   .   .   .   .   .   .   .   .   .   Lexeme(nop)
.   .   .   .   .   .   .   AndOrList(sep=)
.   .   .   .   .   .   .   .   first: Pipeline(banged=0)
.   .   .   .   .   .   .   .   .   CompoundCommand()
.   .   .   .   .   .   .   .   .   .   body: Case()
.   .   .   .   .   .   .   .   .   .   .   word: Word()
.   .   .   .   .   .   .   .   .   .   .   .   Lexeme(1)
.   .   .   .   .   .   .   .   .   .   .   item: CaseItem()
.   .   .   .   .   .   .   .   .   .   .   .   pattern: Word()
.   .   .   .   .   .   .   .   .   .   .   .   .   Lexeme(*)
.   .   .   .   .   .   .   .   .   .   .   item: CaseItem()
.   .   .   .   .   .   .   .   .   .   .   .   pattern: Word()
.   .   .   .   .   .   .   .   .   .   .   .   .   Lexeme(if)
.   .   .   .   .   item: CaseItem()
.   .   .   .   .   .   pattern: Word()
.   .   .   .   .   .   .   Lexeme(foo=*)
.   .   .   .   .   .   body: List()
.   .   .   .   .   .   .   AndOrList(sep=)
.   .   .   .   .   .   .   .   first: Pipeline(banged=0)
.   .   .   .   .   .   .   .   .   SimpleCommand()
.   .   .   .   .   .   .   .   .   .   name: Word()
.   .   .   .   .   .   .   .   .   .   .   Lexeme(echo)
.   .   .   .   .   .   .   .   .   .   argument: Word()
.   .   .   .   .   .   .   .   .   .   .   Lexeme('ok')
