List()
.   AndOrList(sep=&)
.   .   first: Pipeline(banged=1)
.   .   .   FuncDef(name=fatal)
.   .   .   .   body: BraceGroup()
.   .   .   .   .   List()
.   .   .   .   .   .   AndOrList(sep=;)
.   .   .   .   .   .   .   first: Pipeline(banged=0)
.   .   .   .   .   .   .   .   SimpleCommand()
.   .   .   .   .   .   .   .   .   name: Word(echo)
.   .   .   .   .   .   .   .   .   argument: Word("fatal: $@")
.   .   .   .   .   .   .   rest[||]: Pipeline(banged=0)
.   .   .   .   .   .   .   .   SimpleCommand()
.   .   .   .   .   .   .   .   .   name: Word(kill)
.   .   .   .   .   .   .   .   .   argument: Word(-6)
.   .   .   .   .   .   .   .   .   argument: Word($$)
.   .   .   .   .   .   AndOrList(sep=&)
.   .   .   .   .   .   .   first: Pipeline(banged=0)
.   .   .   .   .   .   .   .   SimpleCommand()
.   .   .   .   .   .   .   .   .   name: Word(exit)
.   .   .   .   .   .   .   rest[||]: Pipeline(banged=0)
.   .   .   .   .   .   .   .   SimpleCommand()
.   .   .   .   .   .   .   .   .   name: Word(return)
.   .   .   .   redirect: Redirection(>& 2)
.   .   rest[&&]: Pipeline(banged=0)
.   .   .   SimpleCommand()
.   .   .   .   name: Word(echo)
.   .   .   .   argument: Word("wtf?")
