List()
.   AndOrList(sep=)
.   .   first: Pipeline(banged=0)
.   .   .   SimpleCommand()
.   .   .   .   name: Word()
.   .   .   .   .   Lexeme(cat)
.   .   .   .   argument: HereDoc(<<)
.   .   .   .   .   delimiter: Word()
.   .   .   .   .   .   Lexeme(HELLO)
.   AndOrList(sep=)
.   .   first: Pipeline(banged=0)
.   .   .   SimpleCommand()
.   .   .   .   name: Word()
.   .   .   .   .   Lexeme(cat)
.   .   .   .   argument: HereDoc(<<)
.   .   .   .   .   delimiter: Word()
.   .   .   .   .   .   Lexeme('HELLO')
.   .   .   SimpleCommand()
.   .   .   .   name: Word()
.   .   .   .   .   Lexeme(tr)
.   .   .   .   argument: Word()
.   .   .   .   .   Lexeme('[A-Z]')
.   .   .   .   argument: Word()
.   .   .   .   .   Lexeme('[a-z]')
