List()
.   AndOrList(sep=)
.   .   first: Pipeline(banged=0)
.   .   .   CompoundCommand()
.   .   .   .   body: Case()
.   .   .   .   .   word: Word()
.   .   .   .   .   .   Lexeme("$foo")
.   .   .   .   .   item: CaseItem()
.   .   .   .   .   .   pattern: Word()
.   .   .   .   .   .   .   Lexeme(123)
.   .   .   .   .   item: CaseItem()
.   .   .   .   .   .   pattern: Word()
.   .   .   .   .   .   .   Lexeme(ABC=*)
.   .   .   .   .   .   body: List()
.   .   .   .   .   .   .   AndOrList(sep=)
.   .   .   .   .   .   .   .   first: Pipeline(banged=0)
.   .   .   .   .   .   .   .   .   SimpleCommand()
.   .   .   .   .   .   .   .   .   .   name: Word()
.   .   .   .   .   .   .   .   .   .   .   Lexeme(echo)
.   .   .   .   .   .   .   .   .   .   argument: Word()
.   .   .   .   .   .   .   .   .   .   .   Lexeme("test")
.   .   .   .   .   item: CaseItem()
.   .   .   .   .   .   pattern: Word()
.   .   .   .   .   .   .   Lexeme(*)
.   .   .   .   .   .   body: List()
.   .   .   .   .   .   .   AndOrList(sep=;)
.   .   .   .   .   .   .   .   first: Pipeline(banged=0)
.   .   .   .   .   .   .   .   .   SimpleCommand()
.   .   .   .   .   .   .   .   .   .   name: Word()
.   .   .   .   .   .   .   .   .   .   .   Lexeme(echo)
.   .   .   .   .   .   .   .   .   .   argument: Word()
.   .   .   .   .   .   .   .   .   .   .   Lexeme("foo bar")
