List()
.   AndOrList(sep=)
.   .   first: Pipeline(banged=0)
.   .   .   FuncDef()
.   .   .   .   name: Word()
.   .   .   .   .   Lexeme(bridge_pre_start)
.   .   .   .   body: BraceGroup()
.   .   .   .   .   List()
.   .   .   .   .   .   AndOrList(sep=)
.   .   .   .   .   .   .   first: Pipeline(banged=0)
.   .   .   .   .   .   .   .   CompoundCommand()
.   .   .   .   .   .   .   .   .   body: SubShell()
.   .   .   .   .   .   .   .   .   .   List()
.   .   .   .   .   .   .   .   .   .   .   AndOrList(sep=)
.   .   .   .   .   .   .   .   .   .   .   .   first: Pipeline(banged=0)
.   .   .   .   .   .   .   .   .   .   .   .   .   CompoundCommand()
.   .   .   .   .   .   .   .   .   .   .   .   .   .   body: If()
.   .   .   .   .   .   .   .   .   .   .   .   .   .   .   condition: List()
.   .   .   .   .   .   .   .   .   .   .   .   .   .   .   .   AndOrList(sep=;)
.   .   .   .   .   .   .   .   .   .   .   .   .   .   .   .   .   first: Pipeline(banged=0)
.   .   .   .   .   .   .   .   .   .   .   .   .   .   .   .   .   .   SimpleCommand()
.   .   .   .   .   .   .   .   .   .   .   .   .   .   .   .   .   .   .   name: Word()
.   .   .   .   .   .   .   .   .   .   .   .   .   .   .   .   .   .   .   .   Lexeme([)
.   .   .   .   .   .   .   .   .   .   .   .   .   .   .   .   .   .   .   argument: Word()
.   .   .   .   .   .   .   .   .   .   .   .   .   .   .   .   .   .   .   .   Lexeme(-n)
.   .   .   .   .   .   .   .   .   .   .   .   .   .   .   .   .   .   .   argument: Word()
.   .   .   .   .   .   .   .   .   .   .   .   .   .   .   .   .   .   .   .   Lexeme("${ports}")
.   .   .   .   .   .   .   .   .   .   .   .   .   .   .   .   .   .   .   argument: Word()
.   .   .   .   .   .   .   .   .   .   .   .   .   .   .   .   .   .   .   .   Lexeme(])
.   .   .   .   .   .   .   .   .   .   .   .   .   .   .   then: List()
.   .   .   .   .   .   .   .   .   .   .   .   .   .   .   .   AndOrList(sep=)
.   .   .   .   .   .   .   .   .   .   .   .   .   .   .   .   .   first: Pipeline(banged=0)
.   .   .   .   .   .   .   .   .   .   .   .   .   .   .   .   .   .   SimpleCommand()
.   .   .   .   .   .   .   .   .   .   .   .   .   .   .   .   .   .   .   name: Word()
.   .   .   .   .   .   .   .   .   .   .   .   .   .   .   .   .   .   .   .   Lexeme(einfo)
.   .   .   .   .   .   .   .   .   .   .   .   .   .   .   .   .   .   .   argument: Word()
.   .   .   .   .   .   .   .   .   .   .   .   .   .   .   .   .   .   .   .   Lexeme("Adding ports to ${IFACE}")
.   .   .   .   .   .   .   .   .   .   .   .   .   .   .   .   AndOrList(sep=)
.   .   .   .   .   .   .   .   .   .   .   .   .   .   .   .   .   first: Pipeline(banged=0)
.   .   .   .   .   .   .   .   .   .   .   .   .   .   .   .   .   .   SimpleCommand()
.   .   .   .   .   .   .   .   .   .   .   .   .   .   .   .   .   .   .   name: Word()
.   .   .   .   .   .   .   .   .   .   .   .   .   .   .   .   .   .   .   .   Lexeme(eindent)
.   .   .   .   .   .   .   .   .   .   .   .   .   .   .   .   AndOrList(sep=)
.   .   .   .   .   .   .   .   .   .   .   .   .   .   .   .   .   first: Pipeline(banged=0)
.   .   .   .   .   .   .   .   .   .   .   .   .   .   .   .   .   .   SimpleCommand()
.   .   .   .   .   .   .   .   .   .   .   .   .   .   .   .   .   .   .   name: Word()
.   .   .   .   .   .   .   .   .   .   .   .   .   .   .   .   .   .   .   .   Lexeme(local)
.   .   .   .   .   .   .   .   .   .   .   .   .   .   .   .   .   .   .   argument: Word()
.   .   .   .   .   .   .   .   .   .   .   .   .   .   .   .   .   .   .   .   Lexeme(BR_IFACE=)
.   .   .   .   .   .   .   .   .   .   .   .   .   .   .   .   .   .   .   .   Lexeme("${IFACE}")
.   .   .   .   .   .   .   .   .   .   .   .   .   .   .   .   AndOrList(sep=)
.   .   .   .   .   .   .   .   .   .   .   .   .   .   .   .   .   first: Pipeline(banged=0)
.   .   .   .   .   .   .   .   .   .   .   .   .   .   .   .   .   .   CompoundCommand()
.   .   .   .   .   .   .   .   .   .   .   .   .   .   .   .   .   .   .   body: For()
.   .   .   .   .   .   .   .   .   .   .   .   .   .   .   .   .   .   .   .   variable: Word()
.   .   .   .   .   .   .   .   .   .   .   .   .   .   .   .   .   .   .   .   .   Lexeme(x)
.   .   .   .   .   .   .   .   .   .   .   .   .   .   .   .   .   .   .   .   word: Word()
.   .   .   .   .   .   .   .   .   .   .   .   .   .   .   .   .   .   .   .   .   Lexeme(${ports})
.   .   .   .   .   .   .   .   .   .   .   .   .   .   .   .   .   .   .   .   body: DoGroup()
.   .   .   .   .   .   .   .   .   .   .   .   .   .   .   .   .   .   .   .   .   List()
.   .   .   .   .   .   .   .   .   .   .   .   .   .   .   .   .   .   .   .   .   .   AndOrList(sep=)
.   .   .   .   .   .   .   .   .   .   .   .   .   .   .   .   .   .   .   .   .   .   .   first: Pipeline(banged=0)
.   .   .   .   .   .   .   .   .   .   .   .   .   .   .   .   .   .   .   .   .   .   .   .   SimpleCommand()
.   .   .   .   .   .   .   .   .   .   .   .   .   .   .   .   .   .   .   .   .   .   .   .   .   name: Word()
.   .   .   .   .   .   .   .   .   .   .   .   .   .   .   .   .   .   .   .   .   .   .   .   .   .   Lexeme(ebegin)
.   .   .   .   .   .   .   .   .   .   .   .   .   .   .   .   .   .   .   .   .   .   .   .   .   argument: Word()
.   .   .   .   .   .   .   .   .   .   .   .   .   .   .   .   .   .   .   .   .   .   .   .   .   .   Lexeme("${x}")
.   .   .   .   .   .   .   .   .   .   .   .   .   .   .   .   .   .   .   .   .   .   AndOrList(sep=)
.   .   .   .   .   .   .   .   .   .   .   .   .   .   .   .   .   .   .   .   .   .   .   first: Pipeline(banged=0)
.   .   .   .   .   .   .   .   .   .   .   .   .   .   .   .   .   .   .   .   .   .   .   .   SimpleCommand()
.   .   .   .   .   .   .   .   .   .   .   .   .   .   .   .   .   .   .   .   .   .   .   .   .   name: Word()
.   .   .   .   .   .   .   .   .   .   .   .   .   .   .   .   .   .   .   .   .   .   .   .   .   .   Lexeme(local)
.   .   .   .   .   .   .   .   .   .   .   .   .   .   .   .   .   .   .   .   .   .   .   .   .   argument: Word()
.   .   .   .   .   .   .   .   .   .   .   .   .   .   .   .   .   .   .   .   .   .   .   .   .   .   Lexeme(IFACE=)
.   .   .   .   .   .   .   .   .   .   .   .   .   .   .   .   .   .   .   .   .   .   .   .   .   .   Lexeme("${x}")
.   .   .   .   .   .   .   .   .   .   .   .   .   .   .   .   .   .   .   .   .   .   AndOrList(sep=)
.   .   .   .   .   .   .   .   .   .   .   .   .   .   .   .   .   .   .   .   .   .   .   first: Pipeline(banged=0)
.   .   .   .   .   .   .   .   .   .   .   .   .   .   .   .   .   .   .   .   .   .   .   .   SimpleCommand()
.   .   .   .   .   .   .   .   .   .   .   .   .   .   .   .   .   .   .   .   .   .   .   .   .   name: Word()
.   .   .   .   .   .   .   .   .   .   .   .   .   .   .   .   .   .   .   .   .   .   .   .   .   .   Lexeme(local)
.   .   .   .   .   .   .   .   .   .   .   .   .   .   .   .   .   .   .   .   .   .   .   .   .   argument: Word()
.   .   .   .   .   .   .   .   .   .   .   .   .   .   .   .   .   .   .   .   .   .   .   .   .   .   Lexeme(IFVAR=)
.   .   .   .   .   .   .   .   .   .   .   .   .   .   .   .   .   .   .   .   .   .   .   .   .   .   Lexeme($<OPEN>shell_var "${IFACE}"<CLOSE>)
.   .   .   .   .   .   .   .   .   .   .   .   .   .   .   .   AndOrList(sep=)
.   .   .   .   .   .   .   .   .   .   .   .   .   .   .   .   .   first: Pipeline(banged=0)
.   .   .   .   .   .   .   .   .   .   .   .   .   .   .   .   .   .   SimpleCommand()
.   .   .   .   .   .   .   .   .   .   .   .   .   .   .   .   .   .   .   name: Word()
.   .   .   .   .   .   .   .   .   .   .   .   .   .   .   .   .   .   .   .   Lexeme(eoutdent)
.   .   .   .   .   .   .   rest[||]: Pipeline(banged=0)
.   .   .   .   .   .   .   .   SimpleCommand()
.   .   .   .   .   .   .   .   .   name: Word()
.   .   .   .   .   .   .   .   .   .   Lexeme(return)
.   .   .   .   .   .   .   .   .   argument: Word()
.   .   .   .   .   .   .   .   .   .   Lexeme(1)
.   .   .   .   .   .   AndOrList(sep=)
.   .   .   .   .   .   .   first: Pipeline(banged=0)
.   .   .   .   .   .   .   .   SimpleCommand()
.   .   .   .   .   .   .   .   .   name: Word()
.   .   .   .   .   .   .   .   .   .   Lexeme(_set_flag)
.   .   .   .   .   .   .   .   .   argument: Word()
.   .   .   .   .   .   .   .   .   .   Lexeme(promisc)
.   .   .   .   .   .   AndOrList(sep=)
.   .   .   .   .   .   .   first: Pipeline(banged=0)
.   .   .   .   .   .   .   .   SimpleCommand()
.   .   .   .   .   .   .   .   .   name: Word()
.   .   .   .   .   .   .   .   .   .   Lexeme(_up)
