List()
.   Comments()
.   AndOrList(sep=)
.   .   Pipeline(banged=0)
.   .   .   CompoundCommand()
.   .   .   .   body: For()
.   .   .   .   .   variable: CommentedToken()
.   .   .   .   .   .   token: Word()
.   .   .   .   .   .   .   Lexeme(i)
.   .   .   .   .   .   comments: Comments()
.   .   .   .   .   wordlist: CommentedToken()
.   .   .   .   .   .   token: WordList()
.   .   .   .   .   .   comments: Comments()
.   .   .   .   .   .   .   Comment(hello)
.   .   .   .   .   body: List()
.   .   .   .   .   .   Comments()
.   .   .   .   .   .   AndOrList(sep=;)
.   .   .   .   .   .   .   Pipeline(banged=0)
.   .   .   .   .   .   .   .   SimpleCommand()
.   .   .   .   .   .   .   .   .   name: Word()
.   .   .   .   .   .   .   .   .   .   Lexeme(:)
.   .   .   .   .   .   .   Comments()
.   .   Comments()
