List()
.   AndOrList(sep=;)
.   .   first: Pipeline(banged=0)
.   .   .   SimpleCommand()
.   .   .   .   name: Word()
.   .   .   .   .   Lexeme(cat)
.   .   .   .   argument: HereDoc(<<)
.   .   .   .   .   here_end: Word()
.   .   .   .   .   .   Lexeme(EOF1)
.   .   .   .   .   line: Lexeme(xxx)
.   AndOrList(sep=;)
.   .   first: Pipeline(banged=0)
.   .   .   SimpleCommand()
.   .   .   .   name: Word()
.   .   .   .   .   Lexeme(cat)
.   .   .   .   argument: HereDoc(<<)
.   .   .   .   .   here_end: Word()
.   .   .   .   .   .   Lexeme(EOF2)
.   .   .   .   .   line: Lexeme(yyy)
.   AndOrList(sep=)
.   .   first: Pipeline(banged=0)
.   .   .   SimpleCommand()
.   .   .   .   name: Word()
.   .   .   .   .   Lexeme(printf)
.   .   .   .   argument: Word()
.   .   .   .   .   QQString()
.   .   .   .   .   .   Lexeme(%s)
.   .   .   .   argument: Word()
.   .   .   .   .   QString(aaa<NEWLINE>bbb<NEWLINE>EOF1<NEWLINE>ccc<NEWLINE>EOF2<NEWLINE>ddd<NEWLINE>)
