List()
.   Comments()
.   AndOrList(sep=)
.   .   Pipeline(banged=0)
.   .   .   CompoundCommand()
.   .   .   .   body: Case()
.   .   .   .   .   word: CommentedToken()
.   .   .   .   .   .   token: Word()
.   .   .   .   .   .   .   QQString()
.   .   .   .   .   .   .   .   Lexeme($foo)
.   .   .   .   .   .   comments: Comments()
.   .   .   .   .   item: CaseItem()
.   .   .   .   .   .   pattern: Word()
.   .   .   .   .   .   .   Lexeme(123)
.   .   .   .   .   item: CaseItem()
.   .   .   .   .   .   pattern: Word()
.   .   .   .   .   .   .   Lexeme(ABC=*)
.   .   .   .   .   .   body: List()
.   .   .   .   .   .   .   Comments()
.   .   .   .   .   .   .   AndOrList(sep=)
.   .   .   .   .   .   .   .   Pipeline(banged=0)
.   .   .   .   .   .   .   .   .   SimpleCommand()
.   .   .   .   .   .   .   .   .   .   name: Word()
.   .   .   .   .   .   .   .   .   .   .   Lexeme(echo)
.   .   .   .   .   .   .   .   .   .   argument: Word()
.   .   .   .   .   .   .   .   .   .   .   QQString()
.   .   .   .   .   .   .   .   .   .   .   .   Lexeme(test)
.   .   .   .   .   item: CaseItem()
.   .   .   .   .   .   pattern: Word()
.   .   .   .   .   .   .   Lexeme(*)
.   .   .   .   .   .   body: List()
.   .   .   .   .   .   .   Comments()
.   .   .   .   .   .   .   AndOrList(sep=;)
.   .   .   .   .   .   .   .   Pipeline(banged=0)
.   .   .   .   .   .   .   .   .   SimpleCommand()
.   .   .   .   .   .   .   .   .   .   name: Word()
.   .   .   .   .   .   .   .   .   .   .   Lexeme(echo)
.   .   .   .   .   .   .   .   .   .   argument: Word()
.   .   .   .   .   .   .   .   .   .   .   QQString()
.   .   .   .   .   .   .   .   .   .   .   .   Lexeme(foo bar)
.   .   .   .   .   .   .   .   Comments()
.   .   Comments()
