List()
.   Comments()
.   AndOrList(sep=)
.   .   Pipeline(banged=0)
.   .   .   SimpleCommand()
.   .   .   .   name: Word()
.   .   .   .   .   Lexeme(echo)
.   .   .   .   argument: Word()
.   .   .   .   .   Lexeme($<OPEN><OPEN><OPEN>1<LESS><LESS>5<CLOSE>+3<CLOSE><CLOSE>)
.   .   Comments()
.   AndOrList(sep=)
.   .   Pipeline(banged=0)
.   .   .   SimpleCommand()
.   .   .   .   name: Word()
.   .   .   .   .   Lexeme(echo)
.   .   .   .   argument: Word()
.   .   .   .   .   Lexeme(foo)
.   .   .   .   argument: Word()
.   .   .   .   .   Lexeme(bar)
.   .   Comments()
