List()
.   Comments()
.   AndOrList(sep=)
.   .   Pipeline(banged=0)
.   .   .   SimpleCommand()
.   .   .   .   name: Word()
.   .   .   .   .   Lexeme(verbose)
.   .   .   .   argument: Word()
.   .   .   .   .   QQString()
.   .   .   .   .   .   Lexeme(Compressed file )
.   .   .   .   .   .   Escaped(`)
.   .   .   .   .   .   Lexeme(${file##*/})
.   .   .   .   .   .   Lexeme(' into )
.   .   .   .   .   .   Escaped(`)
.   .   .   .   .   .   Lexeme(${name##*/})
.   .   .   .   .   .   Lexeme(' using )
.   .   .   .   .   .   Escaped(`)
.   .   .   .   .   .   Lexeme($cmd)
.   .   .   .   .   .   Lexeme( )
.   .   .   .   .   .   Lexeme($*)
.   .   .   .   .   .   Lexeme(')
.   .   Comments()
