List()
.   Comments()
.   AndOrList(sep=&)
.   .   Pipeline(banged=1)
.   .   .   FuncDef()
.   .   .   .   name: CommentedToken()
.   .   .   .   .   token: Word()
.   .   .   .   .   .   Lexeme(fatal)
.   .   .   .   .   comments: Comments()
.   .   .   .   body: BraceGroup()
.   .   .   .   .   List()
.   .   .   .   .   .   Comments()
.   .   .   .   .   .   AndOrList(sep=;)
.   .   .   .   .   .   .   Pipeline(banged=0)
.   .   .   .   .   .   .   .   SimpleCommand()
.   .   .   .   .   .   .   .   .   name: Word()
.   .   .   .   .   .   .   .   .   .   Lexeme(echo)
.   .   .   .   .   .   .   .   .   argument: Word()
.   .   .   .   .   .   .   .   .   .   QQString()
.   .   .   .   .   .   .   .   .   .   .   Lexeme(fatal: )
.   .   .   .   .   .   .   .   .   .   .   Lexeme($@)
.   .   .   .   .   .   .   Operator(||)
.   .   .   .   .   .   .   Comments()
.   .   .   .   .   .   .   Pipeline(banged=0)
.   .   .   .   .   .   .   .   SimpleCommand()
.   .   .   .   .   .   .   .   .   name: Word()
.   .   .   .   .   .   .   .   .   .   Lexeme(kill)
.   .   .   .   .   .   .   .   .   argument: Word()
.   .   .   .   .   .   .   .   .   .   Lexeme(-6)
.   .   .   .   .   .   .   .   .   argument: Word()
.   .   .   .   .   .   .   .   .   .   Lexeme($$)
.   .   .   .   .   .   .   Comments()
.   .   .   .   .   .   AndOrList(sep=&)
.   .   .   .   .   .   .   Pipeline(banged=0)
.   .   .   .   .   .   .   .   SimpleCommand()
.   .   .   .   .   .   .   .   .   name: Word()
.   .   .   .   .   .   .   .   .   .   Lexeme(exit)
.   .   .   .   .   .   .   Operator(||)
.   .   .   .   .   .   .   Comments()
.   .   .   .   .   .   .   Pipeline(banged=0)
.   .   .   .   .   .   .   .   SimpleCommand()
.   .   .   .   .   .   .   .   .   name: Word()
.   .   .   .   .   .   .   .   .   .   Lexeme(return)
.   .   .   .   .   .   .   Comments()
.   .   .   .   redirect: Redirection(>&)
.   .   .   .   .   filename: Word()
.   .   .   .   .   .   Lexeme(2)
.   .   Operator(&&)
.   .   Comments()
.   .   Pipeline(banged=0)
.   .   .   SimpleCommand()
.   .   .   .   name: Word()
.   .   .   .   .   Lexeme(echo)
.   .   .   .   argument: Word()
.   .   .   .   .   QQString()
.   .   .   .   .   .   Lexeme(wtf?)
.   .   Comments()
