List()
.   Comments()
.   AndOrList(sep=)
.   .   Pipeline(banged=0)
.   .   .   SimpleCommand()
.   .   .   .   name: Word()
.   .   .   .   .   Lexeme(echo)
.   .   .   .   argument: Word()
.   .   .   .   .   QQString()
.   .   .   .   .   .   Lexeme(foo)
.   .   Operator(&&)
.   .   Comments()
.   .   Pipeline(banged=1)
.   .   .   SimpleCommand()
.   .   .   .   name: Word()
.   .   .   .   .   Lexeme(false)
.   .   Operator(&&)
.   .   Comments()
.   .   Pipeline(banged=0)
.   .   .   SimpleCommand()
.   .   .   .   name: Word()
.   .   .   .   .   Lexeme(echo)
.   .   .   .   argument: Word()
.   .   .   .   .   QQString()
.   .   .   .   .   .   Lexeme(bar)
.   .   Operator(&&)
.   .   Comments()
.   .   Pipeline(banged=1)
.   .   .   SimpleCommand()
.   .   .   .   name: Word()
.   .   .   .   .   Lexeme(echo)
.   .   .   .   argument: Word()
.   .   .   .   .   Lexeme(test)
.   .   .   Comments()
.   .   .   SimpleCommand()
.   .   .   .   name: Word()
.   .   .   .   .   Lexeme(true)
.   .   Operator(||)
.   .   Comments()
.   .   Pipeline(banged=0)
.   .   .   SimpleCommand()
.   .   .   .   name: Word()
.   .   .   .   .   Lexeme(echo)
.   .   .   .   argument: Word()
.   .   .   .   .   QQString()
.   .   .   .   .   .   Lexeme(baz)
.   .   Comments()
.   .   .   NewLine(<NEWLINE>)
