List()
.   Comments()
.   AndOrList(sep=)
.   .   Pipeline(banged=0)
.   .   .   SimpleCommand()
.   .   .   .   name: Word()
.   .   .   .   .   Lexeme(l)
.   .   .   .   .   LineConcat()
.   .   .   .   .   Lexeme(s)
.   .   .   .   argument: Word()
.   .   .   .   .   Lexeme(-ld)
.   .   .   .   argument: Word()
.   .   .   .   .   QQString()
.   .   .   .   .   .   Lexeme($PWD)
.   .   .   .   argument: Word()
.   .   .   .   .   QQString()
.   .   .   .   .   .   Lexeme(.)
.   .   .   .   .   .   LineConcat()
.   .   .   .   .   .   Lexeme(.)
.   .   Comments()
.   .   .   NewLine(<NEWLINE>)
