List()
.   Comments()
.   AndOrList(sep=)
.   .   Pipeline(banged=0)
.   .   .   SimpleCommand()
.   .   .   .   prefix: Word()
.   .   .   .   .   Lexeme(aa__bb=)
.   .   .   .   .   QQString()
.   .   .   .   .   .   Lexeme(#)
.   .   Comments()
.   AndOrList(sep=)
.   .   Pipeline(banged=0)
.   .   .   SimpleCommand()
.   .   .   .   name: Word()
.   .   .   .   .   Lexeme(echo)
.   .   .   .   argument: Word()
.   .   .   .   .   QQString()
.   .   .   .   .   .   Lexeme(include confinc)
.   .   .   .   argument: Redirection(>)
.   .   .   .   .   filename: Word()
.   .   .   .   .   .   Lexeme(confmf)
.   .   Comments()
