List()
.   Comments()
.   AndOrList(sep=)
.   .   Pipeline(banged=0)
.   .   .   CompoundCommand()
.   .   .   .   body: For()
.   .   .   .   .   variable: CommentedToken()
.   .   .   .   .   .   token: Word()
.   .   .   .   .   .   .   Lexeme(sig)
.   .   .   .   .   .   comments: Comments()
.   .   .   .   .   wordlist: CommentedToken()
.   .   .   .   .   .   token: WordList()
.   .   .   .   .   .   .   Word()
.   .   .   .   .   .   .   .   Lexeme(TERM)
.   .   .   .   .   .   .   Word()
.   .   .   .   .   .   .   .   Lexeme(QUIT)
.   .   .   .   .   .   .   Word()
.   .   .   .   .   .   .   .   Lexeme(INT)
.   .   .   .   .   .   comments: Comments()
.   .   .   .   .   body: DoGroup()
.   .   .   .   .   .   List()
.   .   .   .   .   .   .   Comments()
.   .   .   .   .   .   .   AndOrList(sep=)
.   .   .   .   .   .   .   .   Pipeline(banged=0)
.   .   .   .   .   .   .   .   .   SimpleCommand()
.   .   .   .   .   .   .   .   .   .   name: Word()
.   .   .   .   .   .   .   .   .   .   .   Lexeme(cgroup_get_pids)
.   .   .   .   .   .   .   .   Operator(||)
.   .   .   .   .   .   .   .   Comments()
.   .   .   .   .   .   .   .   Pipeline(banged=0)
.   .   .   .   .   .   .   .   .   CompoundCommand()
.   .   .   .   .   .   .   .   .   .   body: BraceGroup()
.   .   .   .   .   .   .   .   .   .   .   List()
.   .   .   .   .   .   .   .   .   .   .   .   Comments()
.   .   .   .   .   .   .   .   .   .   .   .   AndOrList(sep=;)
.   .   .   .   .   .   .   .   .   .   .   .   .   Pipeline(banged=0)
.   .   .   .   .   .   .   .   .   .   .   .   .   .   SimpleCommand()
.   .   .   .   .   .   .   .   .   .   .   .   .   .   .   name: Word()
.   .   .   .   .   .   .   .   .   .   .   .   .   .   .   .   Lexeme(eend)
.   .   .   .   .   .   .   .   .   .   .   .   .   .   .   argument: Word()
.   .   .   .   .   .   .   .   .   .   .   .   .   .   .   .   Lexeme(0)
.   .   .   .   .   .   .   .   .   .   .   .   .   .   .   argument: Word()
.   .   .   .   .   .   .   .   .   .   .   .   .   .   .   .   QQString()
.   .   .   .   .   .   .   .   .   .   .   .   .   .   .   .   .   Lexeme(finished)
.   .   .   .   .   .   .   .   .   .   .   .   .   Comments()
.   .   .   .   .   .   .   .   .   .   .   .   AndOrList(sep=;)
.   .   .   .   .   .   .   .   .   .   .   .   .   Pipeline(banged=0)
.   .   .   .   .   .   .   .   .   .   .   .   .   .   SimpleCommand()
.   .   .   .   .   .   .   .   .   .   .   .   .   .   .   name: Word()
.   .   .   .   .   .   .   .   .   .   .   .   .   .   .   .   Lexeme(return)
.   .   .   .   .   .   .   .   .   .   .   .   .   .   .   argument: Word()
.   .   .   .   .   .   .   .   .   .   .   .   .   .   .   .   Lexeme(0)
.   .   .   .   .   .   .   .   .   .   .   .   .   Comments()
.   .   .   .   .   .   .   .   Comments()
.   .   .   .   .   .   .   AndOrList(sep=)
.   .   .   .   .   .   .   .   Pipeline(banged=0)
.   .   .   .   .   .   .   .   .   CompoundCommand()
.   .   .   .   .   .   .   .   .   .   body: For()
.   .   .   .   .   .   .   .   .   .   .   variable: CommentedToken()
.   .   .   .   .   .   .   .   .   .   .   .   token: Word()
.   .   .   .   .   .   .   .   .   .   .   .   .   Lexeme(i)
.   .   .   .   .   .   .   .   .   .   .   .   comments: Comments()
.   .   .   .   .   .   .   .   .   .   .   wordlist: CommentedToken()
.   .   .   .   .   .   .   .   .   .   .   .   token: WordList()
.   .   .   .   .   .   .   .   .   .   .   .   .   Word()
.   .   .   .   .   .   .   .   .   .   .   .   .   .   Lexeme(0)
.   .   .   .   .   .   .   .   .   .   .   .   .   Word()
.   .   .   .   .   .   .   .   .   .   .   .   .   .   Lexeme(1)
.   .   .   .   .   .   .   .   .   .   .   .   comments: Comments()
.   .   .   .   .   .   .   .   .   .   .   body: DoGroup()
.   .   .   .   .   .   .   .   .   .   .   .   List()
.   .   .   .   .   .   .   .   .   .   .   .   .   Comments()
.   .   .   .   .   .   .   .   .   .   .   .   .   AndOrList(sep=)
.   .   .   .   .   .   .   .   .   .   .   .   .   .   Pipeline(banged=0)
.   .   .   .   .   .   .   .   .   .   .   .   .   .   .   SimpleCommand()
.   .   .   .   .   .   .   .   .   .   .   .   .   .   .   .   name: Word()
.   .   .   .   .   .   .   .   .   .   .   .   .   .   .   .   .   Lexeme(kill)
.   .   .   .   .   .   .   .   .   .   .   .   .   .   .   .   argument: Word()
.   .   .   .   .   .   .   .   .   .   .   .   .   .   .   .   .   Lexeme(-s)
.   .   .   .   .   .   .   .   .   .   .   .   .   .   .   .   argument: Word()
.   .   .   .   .   .   .   .   .   .   .   .   .   .   .   .   .   Lexeme($sig)
.   .   .   .   .   .   .   .   .   .   .   .   .   .   .   .   argument: Word()
.   .   .   .   .   .   .   .   .   .   .   .   .   .   .   .   .   Lexeme($pids)
.   .   .   .   .   .   .   .   .   .   .   .   .   .   Comments()
.   .   .   .   .   .   .   .   .   .   .   .   .   AndOrList(sep=)
.   .   .   .   .   .   .   .   .   .   .   .   .   .   Pipeline(banged=0)
.   .   .   .   .   .   .   .   .   .   .   .   .   .   .   CompoundCommand()
.   .   .   .   .   .   .   .   .   .   .   .   .   .   .   .   body: For()
.   .   .   .   .   .   .   .   .   .   .   .   .   .   .   .   .   variable: CommentedToken()
.   .   .   .   .   .   .   .   .   .   .   .   .   .   .   .   .   .   token: Word()
.   .   .   .   .   .   .   .   .   .   .   .   .   .   .   .   .   .   .   Lexeme(j)
.   .   .   .   .   .   .   .   .   .   .   .   .   .   .   .   .   .   comments: Comments()
.   .   .   .   .   .   .   .   .   .   .   .   .   .   .   .   .   wordlist: CommentedToken()
.   .   .   .   .   .   .   .   .   .   .   .   .   .   .   .   .   .   token: WordList()
.   .   .   .   .   .   .   .   .   .   .   .   .   .   .   .   .   .   .   Word()
.   .   .   .   .   .   .   .   .   .   .   .   .   .   .   .   .   .   .   .   Lexeme(0)
.   .   .   .   .   .   .   .   .   .   .   .   .   .   .   .   .   .   .   Word()
.   .   .   .   .   .   .   .   .   .   .   .   .   .   .   .   .   .   .   .   Lexeme(1)
.   .   .   .   .   .   .   .   .   .   .   .   .   .   .   .   .   .   .   Word()
.   .   .   .   .   .   .   .   .   .   .   .   .   .   .   .   .   .   .   .   Lexeme(2)
.   .   .   .   .   .   .   .   .   .   .   .   .   .   .   .   .   .   comments: Comments()
.   .   .   .   .   .   .   .   .   .   .   .   .   .   .   .   .   body: DoGroup()
.   .   .   .   .   .   .   .   .   .   .   .   .   .   .   .   .   .   List()
.   .   .   .   .   .   .   .   .   .   .   .   .   .   .   .   .   .   .   Comments()
.   .   .   .   .   .   .   .   .   .   .   .   .   .   .   .   .   .   .   AndOrList(sep=)
.   .   .   .   .   .   .   .   .   .   .   .   .   .   .   .   .   .   .   .   Pipeline(banged=0)
.   .   .   .   .   .   .   .   .   .   .   .   .   .   .   .   .   .   .   .   .   SimpleCommand()
.   .   .   .   .   .   .   .   .   .   .   .   .   .   .   .   .   .   .   .   .   .   name: Word()
.   .   .   .   .   .   .   .   .   .   .   .   .   .   .   .   .   .   .   .   .   .   .   Lexeme(cgroup_get_pids)
.   .   .   .   .   .   .   .   .   .   .   .   .   .   .   .   .   .   .   .   Operator(||)
.   .   .   .   .   .   .   .   .   .   .   .   .   .   .   .   .   .   .   .   Comments()
.   .   .   .   .   .   .   .   .   .   .   .   .   .   .   .   .   .   .   .   Pipeline(banged=0)
.   .   .   .   .   .   .   .   .   .   .   .   .   .   .   .   .   .   .   .   .   CompoundCommand()
.   .   .   .   .   .   .   .   .   .   .   .   .   .   .   .   .   .   .   .   .   .   body: BraceGroup()
.   .   .   .   .   .   .   .   .   .   .   .   .   .   .   .   .   .   .   .   .   .   .   List()
.   .   .   .   .   .   .   .   .   .   .   .   .   .   .   .   .   .   .   .   .   .   .   .   Comments()
.   .   .   .   .   .   .   .   .   .   .   .   .   .   .   .   .   .   .   .   .   .   .   .   AndOrList(sep=;)
.   .   .   .   .   .   .   .   .   .   .   .   .   .   .   .   .   .   .   .   .   .   .   .   .   Pipeline(banged=0)
.   .   .   .   .   .   .   .   .   .   .   .   .   .   .   .   .   .   .   .   .   .   .   .   .   .   SimpleCommand()
.   .   .   .   .   .   .   .   .   .   .   .   .   .   .   .   .   .   .   .   .   .   .   .   .   .   .   name: Word()
.   .   .   .   .   .   .   .   .   .   .   .   .   .   .   .   .   .   .   .   .   .   .   .   .   .   .   .   Lexeme(eend)
.   .   .   .   .   .   .   .   .   .   .   .   .   .   .   .   .   .   .   .   .   .   .   .   .   .   .   argument: Word()
.   .   .   .   .   .   .   .   .   .   .   .   .   .   .   .   .   .   .   .   .   .   .   .   .   .   .   .   Lexeme(0)
.   .   .   .   .   .   .   .   .   .   .   .   .   .   .   .   .   .   .   .   .   .   .   .   .   .   .   argument: Word()
.   .   .   .   .   .   .   .   .   .   .   .   .   .   .   .   .   .   .   .   .   .   .   .   .   .   .   .   QQString()
.   .   .   .   .   .   .   .   .   .   .   .   .   .   .   .   .   .   .   .   .   .   .   .   .   .   .   .   .   Lexeme(finished)
.   .   .   .   .   .   .   .   .   .   .   .   .   .   .   .   .   .   .   .   .   .   .   .   .   Comments()
.   .   .   .   .   .   .   .   .   .   .   .   .   .   .   .   .   .   .   .   .   .   .   .   AndOrList(sep=;)
.   .   .   .   .   .   .   .   .   .   .   .   .   .   .   .   .   .   .   .   .   .   .   .   .   Pipeline(banged=0)
.   .   .   .   .   .   .   .   .   .   .   .   .   .   .   .   .   .   .   .   .   .   .   .   .   .   SimpleCommand()
.   .   .   .   .   .   .   .   .   .   .   .   .   .   .   .   .   .   .   .   .   .   .   .   .   .   .   name: Word()
.   .   .   .   .   .   .   .   .   .   .   .   .   .   .   .   .   .   .   .   .   .   .   .   .   .   .   .   Lexeme(return)
.   .   .   .   .   .   .   .   .   .   .   .   .   .   .   .   .   .   .   .   .   .   .   .   .   .   .   argument: Word()
.   .   .   .   .   .   .   .   .   .   .   .   .   .   .   .   .   .   .   .   .   .   .   .   .   .   .   .   Lexeme(0)
.   .   .   .   .   .   .   .   .   .   .   .   .   .   .   .   .   .   .   .   .   .   .   .   .   Comments()
.   .   .   .   .   .   .   .   .   .   .   .   .   .   .   .   .   .   .   .   Comments()
.   .   .   .   .   .   .   .   .   .   .   .   .   .   .   .   .   .   .   AndOrList(sep=)
.   .   .   .   .   .   .   .   .   .   .   .   .   .   .   .   .   .   .   .   Pipeline(banged=0)
.   .   .   .   .   .   .   .   .   .   .   .   .   .   .   .   .   .   .   .   .   SimpleCommand()
.   .   .   .   .   .   .   .   .   .   .   .   .   .   .   .   .   .   .   .   .   .   name: Word()
.   .   .   .   .   .   .   .   .   .   .   .   .   .   .   .   .   .   .   .   .   .   .   Lexeme(sleep)
.   .   .   .   .   .   .   .   .   .   .   .   .   .   .   .   .   .   .   .   .   .   argument: Word()
.   .   .   .   .   .   .   .   .   .   .   .   .   .   .   .   .   .   .   .   .   .   .   Lexeme(1)
.   .   .   .   .   .   .   .   .   .   .   .   .   .   .   .   .   .   .   .   Comments()
.   .   .   .   .   .   .   .   .   .   .   .   .   .   Comments()
.   .   .   .   .   .   .   .   .   .   redirect: Redirection(2 >)
.   .   .   .   .   .   .   .   .   .   .   filename: Word()
.   .   .   .   .   .   .   .   .   .   .   .   Lexeme(/dev/null)
.   .   .   .   .   .   .   .   Comments()
.   .   Comments()
