List()
.   Comments()
.   AndOrList(sep=;)
.   .   Pipeline(banged=0)
.   .   .   SimpleCommand()
.   .   .   .   name: Word()
.   .   .   .   .   Lexeme(cat)
.   .   .   .   argument: HereDoc(<<)
.   .   .   .   .   here_end: Word()
.   .   .   .   .   .   Lexeme(END1)
.   .   .   .   .   line: Lexeme(Hello,)
.   .   .   .   .   line: Lexeme(world!)
.   .   Comments()
.   AndOrList(sep=)
.   .   Pipeline(banged=0)
.   .   .   SimpleCommand()
.   .   .   .   name: Word()
.   .   .   .   .   Lexeme(cat)
.   .   .   .   argument: HereDoc(<<)
.   .   .   .   .   here_end: Word()
.   .   .   .   .   .   Lexeme(END2)
.   .   .   .   .   line: Lexeme(Goodbye)
.   .   .   .   .   line: Lexeme(cruel world!)
.   .   Comments()
.   .   .   NewLine(<NEWLINE>)
