List()
.   Comments()
.   AndOrList(sep=)
.   .   Pipeline(banged=0)
.   .   .   SimpleCommand()
.   .   .   .   prefix: Word()
.   .   .   .   .   Lexeme(as_echo=echo)
.   .   Comments()
.   AndOrList(sep=)
.   .   Pipeline(banged=0)
.   .   .   SimpleCommand()
.   .   .   .   name: Word()
.   .   .   .   .   Lexeme(eval)
.   .   .   .   argument: Word()
.   .   .   .   .   Lexeme(test)
.   .   .   .   argument: Word()
.   .   .   .   .   Lexeme(x)
.   .   .   .   .   Lexeme($)
.   .   .   .   .   Lexeme(`$as_echo "cc_cv_cflags_$flag" | $as_tr_sh`)
.   .   .   .   argument: Word()
.   .   .   .   .   Lexeme(=)
.   .   .   .   argument: Word()
.   .   .   .   .   Lexeme(xyes)
.   .   Comments()
