List()
.   Comments()
.   AndOrList(sep=)
.   .   Pipeline(banged=0)
.   .   .   FuncDef()
.   .   .   .   name: Word()
.   .   .   .   .   Lexeme(bridge_pre_start)
.   .   .   .   body: BraceGroup()
.   .   .   .   .   List()
.   .   .   .   .   .   Comments()
.   .   .   .   .   .   AndOrList(sep=)
.   .   .   .   .   .   .   Pipeline(banged=0)
.   .   .   .   .   .   .   .   CompoundCommand()
.   .   .   .   .   .   .   .   .   body: SubShell()
.   .   .   .   .   .   .   .   .   .   List()
.   .   .   .   .   .   .   .   .   .   .   Comments()
.   .   .   .   .   .   .   .   .   .   .   AndOrList(sep=)
.   .   .   .   .   .   .   .   .   .   .   .   Pipeline(banged=0)
.   .   .   .   .   .   .   .   .   .   .   .   .   CompoundCommand()
.   .   .   .   .   .   .   .   .   .   .   .   .   .   body: If()
.   .   .   .   .   .   .   .   .   .   .   .   .   .   .   condition: List()
.   .   .   .   .   .   .   .   .   .   .   .   .   .   .   .   Comments()
.   .   .   .   .   .   .   .   .   .   .   .   .   .   .   .   AndOrList(sep=;)
.   .   .   .   .   .   .   .   .   .   .   .   .   .   .   .   .   Pipeline(banged=0)
.   .   .   .   .   .   .   .   .   .   .   .   .   .   .   .   .   .   SimpleCommand()
.   .   .   .   .   .   .   .   .   .   .   .   .   .   .   .   .   .   .   name: Word()
.   .   .   .   .   .   .   .   .   .   .   .   .   .   .   .   .   .   .   .   Lexeme([)
.   .   .   .   .   .   .   .   .   .   .   .   .   .   .   .   .   .   .   argument: Word()
.   .   .   .   .   .   .   .   .   .   .   .   .   .   .   .   .   .   .   .   Lexeme(-n)
.   .   .   .   .   .   .   .   .   .   .   .   .   .   .   .   .   .   .   argument: Word()
.   .   .   .   .   .   .   .   .   .   .   .   .   .   .   .   .   .   .   .   QQString()
.   .   .   .   .   .   .   .   .   .   .   .   .   .   .   .   .   .   .   .   .   Lexeme(${ports})
.   .   .   .   .   .   .   .   .   .   .   .   .   .   .   .   .   .   .   argument: Word()
.   .   .   .   .   .   .   .   .   .   .   .   .   .   .   .   .   .   .   .   Lexeme(])
.   .   .   .   .   .   .   .   .   .   .   .   .   .   .   .   .   Comments()
.   .   .   .   .   .   .   .   .   .   .   .   .   .   .   then: List()
.   .   .   .   .   .   .   .   .   .   .   .   .   .   .   .   Comments()
.   .   .   .   .   .   .   .   .   .   .   .   .   .   .   .   AndOrList(sep=)
.   .   .   .   .   .   .   .   .   .   .   .   .   .   .   .   .   Pipeline(banged=0)
.   .   .   .   .   .   .   .   .   .   .   .   .   .   .   .   .   .   SimpleCommand()
.   .   .   .   .   .   .   .   .   .   .   .   .   .   .   .   .   .   .   name: Word()
.   .   .   .   .   .   .   .   .   .   .   .   .   .   .   .   .   .   .   .   Lexeme(einfo)
.   .   .   .   .   .   .   .   .   .   .   .   .   .   .   .   .   .   .   argument: Word()
.   .   .   .   .   .   .   .   .   .   .   .   .   .   .   .   .   .   .   .   QQString()
.   .   .   .   .   .   .   .   .   .   .   .   .   .   .   .   .   .   .   .   .   Lexeme(Adding ports to )
.   .   .   .   .   .   .   .   .   .   .   .   .   .   .   .   .   .   .   .   .   Lexeme(${IFACE})
.   .   .   .   .   .   .   .   .   .   .   .   .   .   .   .   .   Comments()
.   .   .   .   .   .   .   .   .   .   .   .   .   .   .   .   AndOrList(sep=)
.   .   .   .   .   .   .   .   .   .   .   .   .   .   .   .   .   Pipeline(banged=0)
.   .   .   .   .   .   .   .   .   .   .   .   .   .   .   .   .   .   SimpleCommand()
.   .   .   .   .   .   .   .   .   .   .   .   .   .   .   .   .   .   .   name: Word()
.   .   .   .   .   .   .   .   .   .   .   .   .   .   .   .   .   .   .   .   Lexeme(eindent)
.   .   .   .   .   .   .   .   .   .   .   .   .   .   .   .   .   Comments()
.   .   .   .   .   .   .   .   .   .   .   .   .   .   .   .   AndOrList(sep=)
.   .   .   .   .   .   .   .   .   .   .   .   .   .   .   .   .   Pipeline(banged=0)
.   .   .   .   .   .   .   .   .   .   .   .   .   .   .   .   .   .   SimpleCommand()
.   .   .   .   .   .   .   .   .   .   .   .   .   .   .   .   .   .   .   name: Word()
.   .   .   .   .   .   .   .   .   .   .   .   .   .   .   .   .   .   .   .   Lexeme(local)
.   .   .   .   .   .   .   .   .   .   .   .   .   .   .   .   .   .   .   argument: Word()
.   .   .   .   .   .   .   .   .   .   .   .   .   .   .   .   .   .   .   .   Lexeme(BR_IFACE=)
.   .   .   .   .   .   .   .   .   .   .   .   .   .   .   .   .   .   .   .   QQString()
.   .   .   .   .   .   .   .   .   .   .   .   .   .   .   .   .   .   .   .   .   Lexeme(${IFACE})
.   .   .   .   .   .   .   .   .   .   .   .   .   .   .   .   .   Comments()
.   .   .   .   .   .   .   .   .   .   .   .   .   .   .   .   AndOrList(sep=)
.   .   .   .   .   .   .   .   .   .   .   .   .   .   .   .   .   Pipeline(banged=0)
.   .   .   .   .   .   .   .   .   .   .   .   .   .   .   .   .   .   CompoundCommand()
.   .   .   .   .   .   .   .   .   .   .   .   .   .   .   .   .   .   .   body: For()
.   .   .   .   .   .   .   .   .   .   .   .   .   .   .   .   .   .   .   .   variable: CommentedToken()
.   .   .   .   .   .   .   .   .   .   .   .   .   .   .   .   .   .   .   .   .   token: Word()
.   .   .   .   .   .   .   .   .   .   .   .   .   .   .   .   .   .   .   .   .   .   Lexeme(x)
.   .   .   .   .   .   .   .   .   .   .   .   .   .   .   .   .   .   .   .   .   comments: Comments()
.   .   .   .   .   .   .   .   .   .   .   .   .   .   .   .   .   .   .   .   word: Word()
.   .   .   .   .   .   .   .   .   .   .   .   .   .   .   .   .   .   .   .   .   Lexeme(${ports})
.   .   .   .   .   .   .   .   .   .   .   .   .   .   .   .   .   .   .   .   body: DoGroup()
.   .   .   .   .   .   .   .   .   .   .   .   .   .   .   .   .   .   .   .   .   List()
.   .   .   .   .   .   .   .   .   .   .   .   .   .   .   .   .   .   .   .   .   .   Comments()
.   .   .   .   .   .   .   .   .   .   .   .   .   .   .   .   .   .   .   .   .   .   AndOrList(sep=)
.   .   .   .   .   .   .   .   .   .   .   .   .   .   .   .   .   .   .   .   .   .   .   Pipeline(banged=0)
.   .   .   .   .   .   .   .   .   .   .   .   .   .   .   .   .   .   .   .   .   .   .   .   SimpleCommand()
.   .   .   .   .   .   .   .   .   .   .   .   .   .   .   .   .   .   .   .   .   .   .   .   .   name: Word()
.   .   .   .   .   .   .   .   .   .   .   .   .   .   .   .   .   .   .   .   .   .   .   .   .   .   Lexeme(ebegin)
.   .   .   .   .   .   .   .   .   .   .   .   .   .   .   .   .   .   .   .   .   .   .   .   .   argument: Word()
.   .   .   .   .   .   .   .   .   .   .   .   .   .   .   .   .   .   .   .   .   .   .   .   .   .   QQString()
.   .   .   .   .   .   .   .   .   .   .   .   .   .   .   .   .   .   .   .   .   .   .   .   .   .   .   Lexeme(${x})
.   .   .   .   .   .   .   .   .   .   .   .   .   .   .   .   .   .   .   .   .   .   .   Comments()
.   .   .   .   .   .   .   .   .   .   .   .   .   .   .   .   .   .   .   .   .   .   AndOrList(sep=)
.   .   .   .   .   .   .   .   .   .   .   .   .   .   .   .   .   .   .   .   .   .   .   Pipeline(banged=0)
.   .   .   .   .   .   .   .   .   .   .   .   .   .   .   .   .   .   .   .   .   .   .   .   SimpleCommand()
.   .   .   .   .   .   .   .   .   .   .   .   .   .   .   .   .   .   .   .   .   .   .   .   .   name: Word()
.   .   .   .   .   .   .   .   .   .   .   .   .   .   .   .   .   .   .   .   .   .   .   .   .   .   Lexeme(local)
.   .   .   .   .   .   .   .   .   .   .   .   .   .   .   .   .   .   .   .   .   .   .   .   .   argument: Word()
.   .   .   .   .   .   .   .   .   .   .   .   .   .   .   .   .   .   .   .   .   .   .   .   .   .   Lexeme(IFACE=)
.   .   .   .   .   .   .   .   .   .   .   .   .   .   .   .   .   .   .   .   .   .   .   .   .   .   QQString()
.   .   .   .   .   .   .   .   .   .   .   .   .   .   .   .   .   .   .   .   .   .   .   .   .   .   .   Lexeme(${x})
.   .   .   .   .   .   .   .   .   .   .   .   .   .   .   .   .   .   .   .   .   .   .   Comments()
.   .   .   .   .   .   .   .   .   .   .   .   .   .   .   .   .   .   .   .   .   .   AndOrList(sep=)
.   .   .   .   .   .   .   .   .   .   .   .   .   .   .   .   .   .   .   .   .   .   .   Pipeline(banged=0)
.   .   .   .   .   .   .   .   .   .   .   .   .   .   .   .   .   .   .   .   .   .   .   .   SimpleCommand()
.   .   .   .   .   .   .   .   .   .   .   .   .   .   .   .   .   .   .   .   .   .   .   .   .   name: Word()
.   .   .   .   .   .   .   .   .   .   .   .   .   .   .   .   .   .   .   .   .   .   .   .   .   .   Lexeme(local)
.   .   .   .   .   .   .   .   .   .   .   .   .   .   .   .   .   .   .   .   .   .   .   .   .   argument: Word()
.   .   .   .   .   .   .   .   .   .   .   .   .   .   .   .   .   .   .   .   .   .   .   .   .   .   Lexeme(IFVAR=)
.   .   .   .   .   .   .   .   .   .   .   .   .   .   .   .   .   .   .   .   .   .   .   .   .   .   CommandSubstitution()
.   .   .   .   .   .   .   .   .   .   .   .   .   .   .   .   .   .   .   .   .   .   .   .   .   .   .   WORD: Word()
.   .   .   .   .   .   .   .   .   .   .   .   .   .   .   .   .   .   .   .   .   .   .   .   .   .   .   .   Lexeme(shell_var)
.   .   .   .   .   .   .   .   .   .   .   .   .   .   .   .   .   .   .   .   .   .   .   .   .   .   .   BLANK: Lexeme( )
.   .   .   .   .   .   .   .   .   .   .   .   .   .   .   .   .   .   .   .   .   .   .   .   .   .   .   WORD: Word()
.   .   .   .   .   .   .   .   .   .   .   .   .   .   .   .   .   .   .   .   .   .   .   .   .   .   .   .   QQString()
.   .   .   .   .   .   .   .   .   .   .   .   .   .   .   .   .   .   .   .   .   .   .   .   .   .   .   .   .   Lexeme(${IFACE})
.   .   .   .   .   .   .   .   .   .   .   .   .   .   .   .   .   .   .   .   .   .   .   Comments()
.   .   .   .   .   .   .   .   .   .   .   .   .   .   .   .   .   Comments()
.   .   .   .   .   .   .   .   .   .   .   .   .   .   .   .   AndOrList(sep=)
.   .   .   .   .   .   .   .   .   .   .   .   .   .   .   .   .   Pipeline(banged=0)
.   .   .   .   .   .   .   .   .   .   .   .   .   .   .   .   .   .   SimpleCommand()
.   .   .   .   .   .   .   .   .   .   .   .   .   .   .   .   .   .   .   name: Word()
.   .   .   .   .   .   .   .   .   .   .   .   .   .   .   .   .   .   .   .   Lexeme(eoutdent)
.   .   .   .   .   .   .   .   .   .   .   .   .   .   .   .   .   Comments()
.   .   .   .   .   .   .   .   .   .   .   .   Comments()
.   .   .   .   .   .   .   Operator(||)
.   .   .   .   .   .   .   Comments()
.   .   .   .   .   .   .   Pipeline(banged=0)
.   .   .   .   .   .   .   .   SimpleCommand()
.   .   .   .   .   .   .   .   .   name: Word()
.   .   .   .   .   .   .   .   .   .   Lexeme(return)
.   .   .   .   .   .   .   .   .   argument: Word()
.   .   .   .   .   .   .   .   .   .   Lexeme(1)
.   .   .   .   .   .   .   Comments()
.   .   .   .   .   .   .   .   Comment( Bring up the bridge)
.   .   .   .   .   .   AndOrList(sep=)
.   .   .   .   .   .   .   Pipeline(banged=0)
.   .   .   .   .   .   .   .   SimpleCommand()
.   .   .   .   .   .   .   .   .   name: Word()
.   .   .   .   .   .   .   .   .   .   Lexeme(_set_flag)
.   .   .   .   .   .   .   .   .   argument: Word()
.   .   .   .   .   .   .   .   .   .   Lexeme(promisc)
.   .   .   .   .   .   .   Comments()
.   .   .   .   .   .   AndOrList(sep=)
.   .   .   .   .   .   .   Pipeline(banged=0)
.   .   .   .   .   .   .   .   SimpleCommand()
.   .   .   .   .   .   .   .   .   name: Word()
.   .   .   .   .   .   .   .   .   .   Lexeme(_up)
.   .   .   .   .   .   .   Comments()
.   .   Comments()
