List()
.   Comments()
.   AndOrList(sep=)
.   .   Pipeline(banged=0)
.   .   .   SimpleCommand()
.   .   .   .   prefix: Word()
.   .   .   .   .   Lexeme(n=)
.   .   .   .   .   Lexeme(`basename $s`)
.   .   Comments()
.   .   .   NewLine(<NEWLINE>)
.   AndOrList(sep=)
.   .   Pipeline(banged=0)
.   .   .   CompoundCommand()
.   .   .   .   body: Case()
.   .   .   .   .   word: CommentedToken()
.   .   .   .   .   .   token: Word()
.   .   .   .   .   .   .   QQString()
.   .   .   .   .   .   .   .   Lexeme($n)
.   .   .   .   .   .   comments: Comments()
.   .   .   .   .   items: CaseItemList()
.   .   .   .   .   .   Comments()
.   .   .   .   .   .   .   NewLine(<NEWLINE>)
.   .   .   .   .   .   CaseItem()
.   .   .   .   .   .   .   pattern: Word()
.   .   .   .   .   .   .   .   Lexeme(*~)
.   .   .   .   .   .   .   body: List()
.   .   .   .   .   .   .   .   Comments()
.   .   .   .   .   .   .   .   AndOrList(sep=)
.   .   .   .   .   .   .   .   .   Pipeline(banged=0)
.   .   .   .   .   .   .   .   .   .   SimpleCommand()
.   .   .   .   .   .   .   .   .   .   .   name: Word()
.   .   .   .   .   .   .   .   .   .   .   .   Lexeme(:)
.   .   .   .   .   .   .   dsemi: CommentedToken()
.   .   .   .   .   .   .   .   token: Operator(;;)
.   .   .   .   .   .   .   .   comments: Comments()
.   .   .   .   .   .   .   .   .   NewLine(<NEWLINE>)
.   .   .   .   .   .   .   .   .   Comment(* <CLOSE> : ;;)
.   .   .   .   .   .   .   .   .   NewLine(<NEWLINE>)
.   .   .   .   .   .   CaseItem()
.   .   .   .   .   .   .   pattern: Word()
.   .   .   .   .   .   .   .   Lexeme(make.*)
.   .   .   .   .   .   .   body: List()
.   .   .   .   .   .   .   .   Comments()
.   .   .   .   .   .   .   .   AndOrList(sep=)
.   .   .   .   .   .   .   .   .   Pipeline(banged=0)
.   .   .   .   .   .   .   .   .   .   SimpleCommand()
.   .   .   .   .   .   .   .   .   .   .   name: Word()
.   .   .   .   .   .   .   .   .   .   .   .   Lexeme(:)
.   .   .   .   .   .   .   dsemi: CommentedToken()
.   .   .   .   .   .   .   .   token: Operator(;;)
.   .   .   .   .   .   .   .   comments: Comments()
.   .   .   .   .   .   .   .   .   NewLine(<NEWLINE>)
.   .   .   .   .   .   CaseItem()
.   .   .   .   .   .   .   pattern: Word()
.   .   .   .   .   .   .   .   Lexeme(CVS)
.   .   .   .   .   .   .   body: List()
.   .   .   .   .   .   .   .   Comments()
.   .   .   .   .   .   .   .   AndOrList(sep=)
.   .   .   .   .   .   .   .   .   Pipeline(banged=0)
.   .   .   .   .   .   .   .   .   .   SimpleCommand()
.   .   .   .   .   .   .   .   .   .   .   name: Word()
.   .   .   .   .   .   .   .   .   .   .   .   Lexeme(:)
.   .   .   .   .   .   .   dsemi: CommentedToken()
.   .   .   .   .   .   .   .   token: Operator(;;)
.   .   .   .   .   .   .   .   comments: Comments()
.   .   .   .   .   .   .   .   .   NewLine(<NEWLINE>)
.   .   .   .   .   .   CaseItem()
.   .   .   .   .   .   .   pattern: Word()
.   .   .   .   .   .   .   .   Lexeme(*)
.   .   .   .   .   .   .   body: List()
.   .   .   .   .   .   .   .   Comments()
.   .   .   .   .   .   .   .   AndOrList(sep=)
.   .   .   .   .   .   .   .   .   Pipeline(banged=0)
.   .   .   .   .   .   .   .   .   .   CompoundCommand()
.   .   .   .   .   .   .   .   .   .   .   body: If()
.   .   .   .   .   .   .   .   .   .   .   .   condition: List()
.   .   .   .   .   .   .   .   .   .   .   .   .   Comments()
.   .   .   .   .   .   .   .   .   .   .   .   .   AndOrList(sep=)
.   .   .   .   .   .   .   .   .   .   .   .   .   .   Pipeline(banged=0)
.   .   .   .   .   .   .   .   .   .   .   .   .   .   .   SimpleCommand()
.   .   .   .   .   .   .   .   .   .   .   .   .   .   .   .   name: Word()
.   .   .   .   .   .   .   .   .   .   .   .   .   .   .   .   .   Lexeme([)
.   .   .   .   .   .   .   .   .   .   .   .   .   .   .   .   argument: Word()
.   .   .   .   .   .   .   .   .   .   .   .   .   .   .   .   .   Lexeme(-f)
.   .   .   .   .   .   .   .   .   .   .   .   .   .   .   .   argument: Word()
.   .   .   .   .   .   .   .   .   .   .   .   .   .   .   .   .   Lexeme($s)
.   .   .   .   .   .   .   .   .   .   .   .   .   .   .   .   argument: Word()
.   .   .   .   .   .   .   .   .   .   .   .   .   .   .   .   .   Lexeme(])
.   .   .   .   .   .   .   .   .   .   .   .   .   .   Comments()
.   .   .   .   .   .   .   .   .   .   .   .   .   .   .   NewLine(<NEWLINE>)
.   .   .   .   .   .   .   .   .   .   .   .   then: List()
.   .   .   .   .   .   .   .   .   .   .   .   .   Comments()
.   .   .   .   .   .   .   .   .   .   .   .   .   .   NewLine(<NEWLINE>)
.   .   .   .   .   .   .   .   .   .   .   .   .   AndOrList(sep=)
.   .   .   .   .   .   .   .   .   .   .   .   .   .   Pipeline(banged=0)
.   .   .   .   .   .   .   .   .   .   .   .   .   .   .   CompoundCommand()
.   .   .   .   .   .   .   .   .   .   .   .   .   .   .   .   body: If()
.   .   .   .   .   .   .   .   .   .   .   .   .   .   .   .   .   condition: List()
.   .   .   .   .   .   .   .   .   .   .   .   .   .   .   .   .   .   Comments()
.   .   .   .   .   .   .   .   .   .   .   .   .   .   .   .   .   .   AndOrList(sep=)
.   .   .   .   .   .   .   .   .   .   .   .   .   .   .   .   .   .   .   Pipeline(banged=0)
.   .   .   .   .   .   .   .   .   .   .   .   .   .   .   .   .   .   .   .   SimpleCommand()
.   .   .   .   .   .   .   .   .   .   .   .   .   .   .   .   .   .   .   .   .   name: Word()
.   .   .   .   .   .   .   .   .   .   .   .   .   .   .   .   .   .   .   .   .   .   Lexeme([)
.   .   .   .   .   .   .   .   .   .   .   .   .   .   .   .   .   .   .   .   .   argument: Word()
.   .   .   .   .   .   .   .   .   .   .   .   .   .   .   .   .   .   .   .   .   .   Lexeme(-h)
.   .   .   .   .   .   .   .   .   .   .   .   .   .   .   .   .   .   .   .   .   argument: Word()
.   .   .   .   .   .   .   .   .   .   .   .   .   .   .   .   .   .   .   .   .   .   Lexeme($build)
.   .   .   .   .   .   .   .   .   .   .   .   .   .   .   .   .   .   .   .   .   .   Lexeme(/)
.   .   .   .   .   .   .   .   .   .   .   .   .   .   .   .   .   .   .   .   .   .   Lexeme($n)
.   .   .   .   .   .   .   .   .   .   .   .   .   .   .   .   .   .   .   .   .   argument: Word()
.   .   .   .   .   .   .   .   .   .   .   .   .   .   .   .   .   .   .   .   .   .   Lexeme(])
.   .   .   .   .   .   .   .   .   .   .   .   .   .   .   .   .   .   .   Comments()
.   .   .   .   .   .   .   .   .   .   .   .   .   .   .   .   .   .   .   .   NewLine(<NEWLINE>)
.   .   .   .   .   .   .   .   .   .   .   .   .   .   .   .   .   then: List()
.   .   .   .   .   .   .   .   .   .   .   .   .   .   .   .   .   .   Comments()
.   .   .   .   .   .   .   .   .   .   .   .   .   .   .   .   .   .   .   NewLine(<NEWLINE>)
.   .   .   .   .   .   .   .   .   .   .   .   .   .   .   .   .   .   AndOrList(sep=)
.   .   .   .   .   .   .   .   .   .   .   .   .   .   .   .   .   .   .   Pipeline(banged=0)
.   .   .   .   .   .   .   .   .   .   .   .   .   .   .   .   .   .   .   .   SimpleCommand()
.   .   .   .   .   .   .   .   .   .   .   .   .   .   .   .   .   .   .   .   .   name: Word()
.   .   .   .   .   .   .   .   .   .   .   .   .   .   .   .   .   .   .   .   .   .   Lexeme($new)
.   .   .   .   .   .   .   .   .   .   .   .   .   .   .   .   .   .   .   Operator(&&)
.   .   .   .   .   .   .   .   .   .   .   .   .   .   .   .   .   .   .   Comments()
.   .   .   .   .   .   .   .   .   .   .   .   .   .   .   .   .   .   .   Pipeline(banged=0)
.   .   .   .   .   .   .   .   .   .   .   .   .   .   .   .   .   .   .   .   SimpleCommand()
.   .   .   .   .   .   .   .   .   .   .   .   .   .   .   .   .   .   .   .   .   name: Word()
.   .   .   .   .   .   .   .   .   .   .   .   .   .   .   .   .   .   .   .   .   .   Lexeme([)
.   .   .   .   .   .   .   .   .   .   .   .   .   .   .   .   .   .   .   .   .   argument: Word()
.   .   .   .   .   .   .   .   .   .   .   .   .   .   .   .   .   .   .   .   .   .   Lexeme($n)
.   .   .   .   .   .   .   .   .   .   .   .   .   .   .   .   .   .   .   .   .   argument: Word()
.   .   .   .   .   .   .   .   .   .   .   .   .   .   .   .   .   .   .   .   .   .   Lexeme(!=)
.   .   .   .   .   .   .   .   .   .   .   .   .   .   .   .   .   .   .   .   .   argument: Word()
.   .   .   .   .   .   .   .   .   .   .   .   .   .   .   .   .   .   .   .   .   .   Lexeme(Makefile)
.   .   .   .   .   .   .   .   .   .   .   .   .   .   .   .   .   .   .   .   .   argument: Word()
.   .   .   .   .   .   .   .   .   .   .   .   .   .   .   .   .   .   .   .   .   .   Lexeme(])
.   .   .   .   .   .   .   .   .   .   .   .   .   .   .   .   .   .   .   Operator(&&)
.   .   .   .   .   .   .   .   .   .   .   .   .   .   .   .   .   .   .   Comments()
.   .   .   .   .   .   .   .   .   .   .   .   .   .   .   .   .   .   .   Pipeline(banged=0)
.   .   .   .   .   .   .   .   .   .   .   .   .   .   .   .   .   .   .   .   SimpleCommand()
.   .   .   .   .   .   .   .   .   .   .   .   .   .   .   .   .   .   .   .   .   name: Word()
.   .   .   .   .   .   .   .   .   .   .   .   .   .   .   .   .   .   .   .   .   .   Lexeme(echo)
.   .   .   .   .   .   .   .   .   .   .   .   .   .   .   .   .   .   .   .   .   argument: Word()
.   .   .   .   .   .   .   .   .   .   .   .   .   .   .   .   .   .   .   .   .   .   QQString()
.   .   .   .   .   .   .   .   .   .   .   .   .   .   .   .   .   .   .   .   .   .   .   Lexeme($s)
.   .   .   .   .   .   .   .   .   .   .   .   .   .   .   .   .   .   .   .   .   .   .   Lexeme( used)
.   .   .   .   .   .   .   .   .   .   .   .   .   .   .   .   .   .   .   Comments()
.   .   .   .   .   .   .   .   .   .   .   .   .   .   .   .   .   .   .   .   NewLine(<NEWLINE>)
.   .   .   .   .   .   .   .   .   .   .   .   .   .   Comments()
.   .   .   .   .   .   .   .   .   .   .   .   .   .   .   NewLine(<NEWLINE>)
.   .   .   .   .   .   .   .   .   .   .   .   condition: List()
.   .   .   .   .   .   .   .   .   .   .   .   .   Comments()
.   .   .   .   .   .   .   .   .   .   .   .   .   AndOrList(sep=)
.   .   .   .   .   .   .   .   .   .   .   .   .   .   Pipeline(banged=0)
.   .   .   .   .   .   .   .   .   .   .   .   .   .   .   SimpleCommand()
.   .   .   .   .   .   .   .   .   .   .   .   .   .   .   .   name: Word()
.   .   .   .   .   .   .   .   .   .   .   .   .   .   .   .   .   Lexeme([)
.   .   .   .   .   .   .   .   .   .   .   .   .   .   .   .   argument: Word()
.   .   .   .   .   .   .   .   .   .   .   .   .   .   .   .   .   Lexeme(-d)
.   .   .   .   .   .   .   .   .   .   .   .   .   .   .   .   argument: Word()
.   .   .   .   .   .   .   .   .   .   .   .   .   .   .   .   .   Lexeme($s)
.   .   .   .   .   .   .   .   .   .   .   .   .   .   .   .   argument: Word()
.   .   .   .   .   .   .   .   .   .   .   .   .   .   .   .   .   Lexeme(])
.   .   .   .   .   .   .   .   .   .   .   .   .   .   Comments()
.   .   .   .   .   .   .   .   .   .   .   .   .   .   .   NewLine(<NEWLINE>)
.   .   .   .   .   .   .   .   .   .   .   .   then: List()
.   .   .   .   .   .   .   .   .   .   .   .   .   Comments()
.   .   .   .   .   .   .   .   .   .   .   .   .   .   NewLine(<NEWLINE>)
.   .   .   .   .   .   .   .   .   .   .   .   .   AndOrList(sep=)
.   .   .   .   .   .   .   .   .   .   .   .   .   .   Pipeline(banged=0)
.   .   .   .   .   .   .   .   .   .   .   .   .   .   .   SimpleCommand()
.   .   .   .   .   .   .   .   .   .   .   .   .   .   .   .   name: Word()
.   .   .   .   .   .   .   .   .   .   .   .   .   .   .   .   .   Lexeme(build_below)
.   .   .   .   .   .   .   .   .   .   .   .   .   .   .   .   argument: Word()
.   .   .   .   .   .   .   .   .   .   .   .   .   .   .   .   .   Lexeme(../)
.   .   .   .   .   .   .   .   .   .   .   .   .   .   .   .   .   Lexeme($root)
.   .   .   .   .   .   .   .   .   .   .   .   .   .   .   .   argument: Word()
.   .   .   .   .   .   .   .   .   .   .   .   .   .   .   .   .   Lexeme($build)
.   .   .   .   .   .   .   .   .   .   .   .   .   .   .   .   .   Lexeme(/)
.   .   .   .   .   .   .   .   .   .   .   .   .   .   .   .   .   Lexeme($n)
.   .   .   .   .   .   .   .   .   .   .   .   .   .   .   .   argument: Word()
.   .   .   .   .   .   .   .   .   .   .   .   .   .   .   .   .   Lexeme($source)
.   .   .   .   .   .   .   .   .   .   .   .   .   .   .   .   .   Lexeme(/)
.   .   .   .   .   .   .   .   .   .   .   .   .   .   .   .   .   Lexeme($n)
.   .   .   .   .   .   .   .   .   .   .   .   .   .   Comments()
.   .   .   .   .   .   .   .   .   .   .   .   .   .   .   NewLine(<NEWLINE>)
.   .   .   .   .   .   .   dsemi: CommentedToken()
.   .   .   .   .   .   .   .   token: Operator(;;)
.   .   .   .   .   .   .   .   comments: Comments()
.   .   .   .   .   .   .   .   .   NewLine(<NEWLINE>)
.   .   Comments()
.   .   .   NewLine(<NEWLINE>)
