List()
.   Comments()
.   AndOrList(sep=)
.   .   Pipeline(banged=0)
.   .   .   CompoundCommand()
.   .   .   .   body: Case()
.   .   .   .   .   word: CommentedToken()
.   .   .   .   .   .   token: Word()
.   .   .   .   .   .   .   QQString()
.   .   .   .   .   .   .   .   Lexeme(foo=1)
.   .   .   .   .   .   comments: Comments()
.   .   .   .   .   item: CaseItem()
.   .   .   .   .   .   pattern: Word()
.   .   .   .   .   .   .   Lexeme(bar)
.   .   .   .   .   .   body: List()
.   .   .   .   .   .   .   Comments()
.   .   .   .   .   .   .   AndOrList(sep=;)
.   .   .   .   .   .   .   .   Pipeline(banged=0)
.   .   .   .   .   .   .   .   .   CompoundCommand()
.   .   .   .   .   .   .   .   .   .   body: If()
.   .   .   .   .   .   .   .   .   .   .   condition: List()
.   .   .   .   .   .   .   .   .   .   .   .   Comments()
.   .   .   .   .   .   .   .   .   .   .   .   AndOrList(sep=;)
.   .   .   .   .   .   .   .   .   .   .   .   .   Pipeline(banged=0)
.   .   .   .   .   .   .   .   .   .   .   .   .   .   SimpleCommand()
.   .   .   .   .   .   .   .   .   .   .   .   .   .   .   name: Word()
.   .   .   .   .   .   .   .   .   .   .   .   .   .   .   .   Lexeme(true)
.   .   .   .   .   .   .   .   .   .   .   .   .   Comments()
.   .   .   .   .   .   .   .   .   .   .   then: List()
.   .   .   .   .   .   .   .   .   .   .   .   Comments()
.   .   .   .   .   .   .   .   .   .   .   .   AndOrList(sep=;)
.   .   .   .   .   .   .   .   .   .   .   .   .   Pipeline(banged=0)
.   .   .   .   .   .   .   .   .   .   .   .   .   .   SimpleCommand()
.   .   .   .   .   .   .   .   .   .   .   .   .   .   .   name: Word()
.   .   .   .   .   .   .   .   .   .   .   .   .   .   .   .   Lexeme(echo)
.   .   .   .   .   .   .   .   .   .   .   .   .   .   .   argument: Word()
.   .   .   .   .   .   .   .   .   .   .   .   .   .   .   .   Lexeme(nop)
.   .   .   .   .   .   .   .   .   .   .   .   .   Comments()
.   .   .   .   .   .   .   .   Comments()
.   .   .   .   .   .   .   AndOrList(sep=)
.   .   .   .   .   .   .   .   Pipeline(banged=0)
.   .   .   .   .   .   .   .   .   CompoundCommand()
.   .   .   .   .   .   .   .   .   .   body: Case()
.   .   .   .   .   .   .   .   .   .   .   word: CommentedToken()
.   .   .   .   .   .   .   .   .   .   .   .   token: Word()
.   .   .   .   .   .   .   .   .   .   .   .   .   Lexeme(1)
.   .   .   .   .   .   .   .   .   .   .   .   comments: Comments()
.   .   .   .   .   .   .   .   .   .   .   item: CaseItem()
.   .   .   .   .   .   .   .   .   .   .   .   pattern: Word()
.   .   .   .   .   .   .   .   .   .   .   .   .   Lexeme(*)
.   .   .   .   .   .   .   .   .   .   .   item: CaseItem()
.   .   .   .   .   .   .   .   .   .   .   .   pattern: Word()
.   .   .   .   .   .   .   .   .   .   .   .   .   Lexeme(if)
.   .   .   .   .   item: CaseItem()
.   .   .   .   .   .   pattern: Word()
.   .   .   .   .   .   .   Lexeme(foo=*)
.   .   .   .   .   .   body: List()
.   .   .   .   .   .   .   Comments()
.   .   .   .   .   .   .   AndOrList(sep=)
.   .   .   .   .   .   .   .   Pipeline(banged=0)
.   .   .   .   .   .   .   .   .   SimpleCommand()
.   .   .   .   .   .   .   .   .   .   name: Word()
.   .   .   .   .   .   .   .   .   .   .   Lexeme(echo)
.   .   .   .   .   .   .   .   .   .   argument: Word()
.   .   .   .   .   .   .   .   .   .   .   QString(ok)
.   .   Comments()
