List()
.   AndOrList(sep=)
.   .   first: Pipeline(banged=0)
.   .   .   SimpleCommand()
.   .   .   .   name: Word()
.   .   .   .   .   Lexeme(cat)
.   .   .   .   argument: HereDoc(<<)
.   .   .   .   .   delimiter: Word()
.   .   .   .   .   .   Lexeme(HELLO)
.   AndOrList(sep=)
.   .   first: Pipeline(banged=0)
.   .   .   SimpleCommand()
.   .   .   .   name: Word()
.   .   .   .   .   Lexeme(cat)
.   .   .   .   argument: HereDoc(<<)
.   .   .   .   .   delimiter: Word()
.   .   .   .   .   .   QString(HELLO)
.   .   .   SimpleCommand()
.   .   .   .   name: Word()
.   .   .   .   .   Lexeme(tr)
.   .   .   .   argument: Word()
.   .   .   .   .   QString([A-Z])
.   .   .   .   argument: Word()
.   .   .   .   .   QString([a-z])
