List()
.   Comments()
.   AndOrList(sep=)
.   .   Pipeline(banged=0)
.   .   .   FuncDef()
.   .   .   .   name: CommentedToken()
.   .   .   .   .   token: Word()
.   .   .   .   .   .   Lexeme(_w)
.   .   .   .   .   comments: Comments()
.   .   .   .   body: BraceGroup()
.   .   .   .   .   List()
.   .   .   .   .   .   Comments()
.   .   .   .   .   .   .   NewLine(<NEWLINE>)
.   .   .   .   .   .   .   Comment( Write the argument parameter to a file, if it exists.)
.   .   .   .   .   .   .   NewLine(<NEWLINE>)
.   .   .   .   .   .   AndOrList(sep=)
.   .   .   .   .   .   .   Pipeline(banged=0)
.   .   .   .   .   .   .   .   SimpleCommand()
.   .   .   .   .   .   .   .   .   name: Word()
.   .   .   .   .   .   .   .   .   .   Lexeme(local)
.   .   .   .   .   .   .   .   .   argument: Word()
.   .   .   .   .   .   .   .   .   .   Lexeme(path=)
.   .   .   .   .   .   .   .   .   .   Lexeme($1)
.   .   .   .   .   .   .   .   .   argument: Word()
.   .   .   .   .   .   .   .   .   .   Lexeme(mode=)
.   .   .   .   .   .   .   .   .   .   Lexeme($2)
.   .   .   .   .   .   .   .   .   argument: Word()
.   .   .   .   .   .   .   .   .   .   Lexeme(uid=)
.   .   .   .   .   .   .   .   .   .   Lexeme($3)
.   .   .   .   .   .   .   .   .   argument: Word()
.   .   .   .   .   .   .   .   .   .   Lexeme(gid=)
.   .   .   .   .   .   .   .   .   .   Lexeme($4)
.   .   .   .   .   .   .   .   .   argument: Word()
.   .   .   .   .   .   .   .   .   .   Lexeme(age=)
.   .   .   .   .   .   .   .   .   .   Lexeme($5)
.   .   .   .   .   .   .   .   .   argument: Word()
.   .   .   .   .   .   .   .   .   .   Lexeme(arg=)
.   .   .   .   .   .   .   .   .   .   Lexeme($6)
.   .   .   .   .   .   .   Comments()
.   .   .   .   .   .   .   .   NewLine(<NEWLINE>)
.   .   .   .   .   .   AndOrList(sep=)
.   .   .   .   .   .   .   Pipeline(banged=0)
.   .   .   .   .   .   .   .   CompoundCommand()
.   .   .   .   .   .   .   .   .   body: If()
.   .   .   .   .   .   .   .   .   .   condition: List()
.   .   .   .   .   .   .   .   .   .   .   Comments()
.   .   .   .   .   .   .   .   .   .   .   AndOrList(sep=;)
.   .   .   .   .   .   .   .   .   .   .   .   Pipeline(banged=0)
.   .   .   .   .   .   .   .   .   .   .   .   .   SimpleCommand()
.   .   .   .   .   .   .   .   .   .   .   .   .   .   name: Word()
.   .   .   .   .   .   .   .   .   .   .   .   .   .   .   Lexeme([)
.   .   .   .   .   .   .   .   .   .   .   .   .   .   argument: Word()
.   .   .   .   .   .   .   .   .   .   .   .   .   .   .   Lexeme(-f)
.   .   .   .   .   .   .   .   .   .   .   .   .   .   argument: Word()
.   .   .   .   .   .   .   .   .   .   .   .   .   .   .   QQString()
.   .   .   .   .   .   .   .   .   .   .   .   .   .   .   .   Lexeme($path)
.   .   .   .   .   .   .   .   .   .   .   .   .   .   argument: Word()
.   .   .   .   .   .   .   .   .   .   .   .   .   .   .   Lexeme(])
.   .   .   .   .   .   .   .   .   .   .   .   Comments()
.   .   .   .   .   .   .   .   .   .   then: List()
.   .   .   .   .   .   .   .   .   .   .   Comments()
.   .   .   .   .   .   .   .   .   .   .   .   NewLine(<NEWLINE>)
.   .   .   .   .   .   .   .   .   .   .   AndOrList(sep=)
.   .   .   .   .   .   .   .   .   .   .   .   Pipeline(banged=0)
.   .   .   .   .   .   .   .   .   .   .   .   .   CompoundCommand()
.   .   .   .   .   .   .   .   .   .   .   .   .   .   body: If()
.   .   .   .   .   .   .   .   .   .   .   .   .   .   .   condition: List()
.   .   .   .   .   .   .   .   .   .   .   .   .   .   .   .   Comments()
.   .   .   .   .   .   .   .   .   .   .   .   .   .   .   .   AndOrList(sep=;)
.   .   .   .   .   .   .   .   .   .   .   .   .   .   .   .   .   Pipeline(banged=0)
.   .   .   .   .   .   .   .   .   .   .   .   .   .   .   .   .   .   SimpleCommand()
.   .   .   .   .   .   .   .   .   .   .   .   .   .   .   .   .   .   .   name: Word()
.   .   .   .   .   .   .   .   .   .   .   .   .   .   .   .   .   .   .   .   Lexeme([)
.   .   .   .   .   .   .   .   .   .   .   .   .   .   .   .   .   .   .   argument: Word()
.   .   .   .   .   .   .   .   .   .   .   .   .   .   .   .   .   .   .   .   Lexeme($DRYRUN)
.   .   .   .   .   .   .   .   .   .   .   .   .   .   .   .   .   .   .   argument: Word()
.   .   .   .   .   .   .   .   .   .   .   .   .   .   .   .   .   .   .   .   Lexeme(-eq)
.   .   .   .   .   .   .   .   .   .   .   .   .   .   .   .   .   .   .   argument: Word()
.   .   .   .   .   .   .   .   .   .   .   .   .   .   .   .   .   .   .   .   Lexeme(1)
.   .   .   .   .   .   .   .   .   .   .   .   .   .   .   .   .   .   .   argument: Word()
.   .   .   .   .   .   .   .   .   .   .   .   .   .   .   .   .   .   .   .   Lexeme(])
.   .   .   .   .   .   .   .   .   .   .   .   .   .   .   .   .   Comments()
.   .   .   .   .   .   .   .   .   .   .   .   .   .   .   then: List()
.   .   .   .   .   .   .   .   .   .   .   .   .   .   .   .   Comments()
.   .   .   .   .   .   .   .   .   .   .   .   .   .   .   .   .   NewLine(<NEWLINE>)
.   .   .   .   .   .   .   .   .   .   .   .   .   .   .   .   AndOrList(sep=)
.   .   .   .   .   .   .   .   .   .   .   .   .   .   .   .   .   Pipeline(banged=0)
.   .   .   .   .   .   .   .   .   .   .   .   .   .   .   .   .   .   SimpleCommand()
.   .   .   .   .   .   .   .   .   .   .   .   .   .   .   .   .   .   .   name: Word()
.   .   .   .   .   .   .   .   .   .   .   .   .   .   .   .   .   .   .   .   Lexeme(echo)
.   .   .   .   .   .   .   .   .   .   .   .   .   .   .   .   .   .   .   argument: Word()
.   .   .   .   .   .   .   .   .   .   .   .   .   .   .   .   .   .   .   .   QQString()
.   .   .   .   .   .   .   .   .   .   .   .   .   .   .   .   .   .   .   .   .   Lexeme(echo )
.   .   .   .   .   .   .   .   .   .   .   .   .   .   .   .   .   .   .   .   .   Escaped(")
.   .   .   .   .   .   .   .   .   .   .   .   .   .   .   .   .   .   .   .   .   Lexeme($arg)
.   .   .   .   .   .   .   .   .   .   .   .   .   .   .   .   .   .   .   .   .   Escaped(")
.   .   .   .   .   .   .   .   .   .   .   .   .   .   .   .   .   .   .   .   .   Lexeme( <GREATER><GREATER>)
.   .   .   .   .   .   .   .   .   .   .   .   .   .   .   .   .   .   .   .   .   Escaped(")
.   .   .   .   .   .   .   .   .   .   .   .   .   .   .   .   .   .   .   .   .   Lexeme($path)
.   .   .   .   .   .   .   .   .   .   .   .   .   .   .   .   .   .   .   .   .   Escaped(")
.   .   .   .   .   .   .   .   .   .   .   .   .   .   .   .   .   Comments()
.   .   .   .   .   .   .   .   .   .   .   .   .   .   .   .   .   .   NewLine(<NEWLINE>)
.   .   .   .   .   .   .   .   .   .   .   .   .   .   .   else: List()
.   .   .   .   .   .   .   .   .   .   .   .   .   .   .   .   Comments()
.   .   .   .   .   .   .   .   .   .   .   .   .   .   .   .   .   NewLine(<NEWLINE>)
.   .   .   .   .   .   .   .   .   .   .   .   .   .   .   .   AndOrList(sep=)
.   .   .   .   .   .   .   .   .   .   .   .   .   .   .   .   .   Pipeline(banged=0)
.   .   .   .   .   .   .   .   .   .   .   .   .   .   .   .   .   .   SimpleCommand()
.   .   .   .   .   .   .   .   .   .   .   .   .   .   .   .   .   .   .   name: Word()
.   .   .   .   .   .   .   .   .   .   .   .   .   .   .   .   .   .   .   .   Lexeme(echo)
.   .   .   .   .   .   .   .   .   .   .   .   .   .   .   .   .   .   .   argument: Word()
.   .   .   .   .   .   .   .   .   .   .   .   .   .   .   .   .   .   .   .   QQString()
.   .   .   .   .   .   .   .   .   .   .   .   .   .   .   .   .   .   .   .   .   Lexeme($arg)
.   .   .   .   .   .   .   .   .   .   .   .   .   .   .   .   .   .   .   argument: Redirection(>>)
.   .   .   .   .   .   .   .   .   .   .   .   .   .   .   .   .   .   .   .   filename: Word()
.   .   .   .   .   .   .   .   .   .   .   .   .   .   .   .   .   .   .   .   .   QQString()
.   .   .   .   .   .   .   .   .   .   .   .   .   .   .   .   .   .   .   .   .   .   Lexeme($path)
.   .   .   .   .   .   .   .   .   .   .   .   .   .   .   .   .   Comments()
.   .   .   .   .   .   .   .   .   .   .   .   .   .   .   .   .   .   NewLine(<NEWLINE>)
.   .   .   .   .   .   .   .   .   .   .   .   Comments()
.   .   .   .   .   .   .   .   .   .   .   .   .   NewLine(<NEWLINE>)
.   .   .   .   .   .   .   Comments()
.   .   .   .   .   .   .   .   NewLine(<NEWLINE>)
.   .   Comments()
.   .   .   NewLine(<NEWLINE>)
