List()
.   Comments()
.   AndOrList(sep=)
.   .   Pipeline(banged=0)
.   .   .   CompoundCommand()
.   .   .   .   body: For()
.   .   .   .   .   variable: CommentedToken()
.   .   .   .   .   .   token: Word()
.   .   .   .   .   .   .   Lexeme(i)
.   .   .   .   .   .   comments: Comments()
.   .   .   .   .   word: Word()
.   .   .   .   .   .   Lexeme(1)
.   .   .   .   .   word: Word()
.   .   .   .   .   .   LineConcat()
.   .   .   .   .   .   Lexeme(2)
.   .   .   .   .   body: DoGroup()
.   .   .   .   .   .   List()
.   .   .   .   .   .   .   Comments()
.   .   .   .   .   .   .   AndOrList(sep=;)
.   .   .   .   .   .   .   .   Pipeline(banged=0)
.   .   .   .   .   .   .   .   .   SimpleCommand()
.   .   .   .   .   .   .   .   .   .   name: Word()
.   .   .   .   .   .   .   .   .   .   .   Lexeme(echo)
.   .   .   .   .   .   .   .   .   .   argument: Word()
.   .   .   .   .   .   .   .   .   .   .   Lexeme($i)
.   .   .   .   .   .   .   .   Comments()
.   .   Comments()
.   AndOrList(sep=)
.   .   Pipeline(banged=0)
.   .   .   CompoundCommand()
.   .   .   .   body: For()
.   .   .   .   .   variable: CommentedToken()
.   .   .   .   .   .   token: Word()
.   .   .   .   .   .   .   Lexeme(i)
.   .   .   .   .   .   comments: Comments()
.   .   .   .   .   word: Word()
.   .   .   .   .   .   Lexeme(1)
.   .   .   .   .   word: Word()
.   .   .   .   .   .   Lexeme(2)
.   .   .   .   .   body: DoGroup()
.   .   .   .   .   .   List()
.   .   .   .   .   .   .   Comments()
.   .   .   .   .   .   .   AndOrList(sep=;)
.   .   .   .   .   .   .   .   Pipeline(banged=0)
.   .   .   .   .   .   .   .   .   SimpleCommand()
.   .   .   .   .   .   .   .   .   .   name: Word()
.   .   .   .   .   .   .   .   .   .   .   Lexeme(echo)
.   .   .   .   .   .   .   .   .   .   argument: Word()
.   .   .   .   .   .   .   .   .   .   .   Lexeme($i)
.   .   .   .   .   .   .   .   Comments()
.   .   Comments()
.   AndOrList(sep=)
.   .   Pipeline(banged=0)
.   .   .   CompoundCommand()
.   .   .   .   body: For()
.   .   .   .   .   variable: CommentedToken()
.   .   .   .   .   .   token: Word()
.   .   .   .   .   .   .   Lexeme(i)
.   .   .   .   .   .   comments: Comments()
.   .   .   .   .   word: Word()
.   .   .   .   .   .   Lexeme(1)
.   .   .   .   .   .   LineConcat()
.   .   .   .   .   .   Lexeme(2)
.   .   .   .   .   body: DoGroup()
.   .   .   .   .   .   List()
.   .   .   .   .   .   .   Comments()
.   .   .   .   .   .   .   AndOrList(sep=;)
.   .   .   .   .   .   .   .   Pipeline(banged=0)
.   .   .   .   .   .   .   .   .   SimpleCommand()
.   .   .   .   .   .   .   .   .   .   name: Word()
.   .   .   .   .   .   .   .   .   .   .   Lexeme(echo)
.   .   .   .   .   .   .   .   .   .   argument: Word()
.   .   .   .   .   .   .   .   .   .   .   Lexeme($i)
.   .   .   .   .   .   .   .   Comments()
.   .   Comments()
