List()
.   AndOrList(sep=)
.   .   first: Pipeline(banged=0)
.   .   .   CompoundCommand()
.   .   .   .   body: For()
.   .   .   .   .   variable: Word()
.   .   .   .   .   .   Lexeme(i)
.   .   .   .   .   word: Word()
.   .   .   .   .   .   Lexeme(1)
.   .   .   .   .   word: Word()
.   .   .   .   .   .   Lexeme(2)
.   .   .   .   .   word: Word()
.   .   .   .   .   .   Lexeme(3)
.   .   .   .   .   body: DoGroup()
.   .   .   .   .   .   List()
.   .   .   .   .   .   .   AndOrList(sep=;)
.   .   .   .   .   .   .   .   first: Pipeline(banged=0)
.   .   .   .   .   .   .   .   .   SimpleCommand()
.   .   .   .   .   .   .   .   .   .   name: Word()
.   .   .   .   .   .   .   .   .   .   .   Lexeme(echo)
.   .   .   .   .   .   .   .   .   .   argument: Word()
.   .   .   .   .   .   .   .   .   .   .   Lexeme(test)
.   .   .   .   .   .   .   .   .   .   argument: Word()
.   .   .   .   .   .   .   .   .   .   .   Lexeme($i)
