List()
.   Comments()
.   AndOrList(sep=)
.   .   Pipeline(banged=0)
.   .   .   SimpleCommand()
.   .   .   .   name: Word()
.   .   .   .   .   Lexeme(echo)
.   .   .   .   argument: Word()
.   .   .   .   .   Lexeme(`echo <SLASH>`date<SLASH>``)
.   .   Comments()
.   AndOrList(sep=)
.   .   Pipeline(banged=0)
.   .   .   SimpleCommand()
.   .   .   .   name: Word()
.   .   .   .   .   Lexeme(echo)
.   .   .   .   argument: Word()
.   .   .   .   .   Lexeme(`cat <LESS><LESS>EOF<NEWLINE>hello <SLASH>`date<SLASH>`<NEWLINE>EOF<NEWLINE>`)
.   .   Comments()
.   AndOrList(sep=)
.   .   Pipeline(banged=0)
.   .   .   SimpleCommand()
.   .   .   .   name: Word()
.   .   .   .   .   Lexeme(echo)
.   .   .   .   argument: Word()
.   .   .   .   .   Lexeme(`cat <LESS><LESS><SLASH>EOF<NEWLINE>hello <SLASH>`date<SLASH>`<NEWLINE>EOF<NEWLINE>`)
.   .   Comments()
