List()
.   Comments()
.   AndOrList(sep=)
.   .   Pipeline(banged=0)
.   .   .   CompoundCommand()
.   .   .   .   body: Case()
.   .   .   .   .   word: CommentedToken()
.   .   .   .   .   .   token: Word()
.   .   .   .   .   .   .   Lexeme(foo)
.   .   .   .   .   .   comments: Comments()
.   .   .   .   .   items: CaseItemList()
.   .   .   .   .   .   Comments()
.   .   .   .   .   .   CaseItem()
.   .   .   .   .   .   .   pattern: Word()
.   .   .   .   .   .   .   .   Lexeme(*)
.   .   .   .   .   .   .   body: List()
.   .   .   .   .   .   .   .   Comments()
.   .   .   .   .   .   .   .   AndOrList(sep=;)
.   .   .   .   .   .   .   .   .   Pipeline(banged=0)
.   .   .   .   .   .   .   .   .   .   SimpleCommand()
.   .   .   .   .   .   .   .   .   .   .   name: Word()
.   .   .   .   .   .   .   .   .   .   .   .   Lexeme(echo)
.   .   .   .   .   .   .   .   .   .   .   argument: Word()
.   .   .   .   .   .   .   .   .   .   .   .   Lexeme(1)
.   .   .   .   .   .   .   .   .   Comments()
.   .   Comments()
