List()
.   AndOrList(sep=)
.   .   first: Pipeline(banged=0)
.   .   .   SimpleCommand()
.   .   .   .   name: Word()
.   .   .   .   .   Lexeme(cat)
.   .   .   .   argument: HereDoc(<<)
.   .   .   .   .   here_end: Word()
.   .   .   .   .   .   Lexeme(END1)
.   .   .   .   .   line: Lexeme(foo)
.   .   rest[&&]: Pipeline(banged=0)
.   .   .   SimpleCommand()
.   .   .   .   name: Word()
.   .   .   .   .   Lexeme(echo)
.   .   .   .   argument: Word()
.   .   .   .   .   QString(hello<NEWLINE>world)
.   .   rest[&&]: Pipeline(banged=0)
.   .   .   SimpleCommand()
.   .   .   .   name: Word()
.   .   .   .   .   Lexeme(cat)
.   .   .   .   argument: HereDoc(<<)
.   .   .   .   .   here_end: Word()
.   .   .   .   .   .   Lexeme(END2)
.   .   .   .   .   line: Lexeme(bar)
