List()
.   Comments()
.   AndOrList(sep=)
.   .   Pipeline(banged=0)
.   .   .   SimpleCommand()
.   .   .   .   name: Word()
.   .   .   .   .   Lexeme(echo)
.   .   .   .   argument: Word()
.   .   .   .   .   CommandSubstitution()
.   .   .   .   .   .   Case: Lexeme(case)
.   .   .   .   .   .   BLANK: Lexeme( )
.   .   .   .   .   .   WORD: Word()
.   .   .   .   .   .   .   Lexeme(1)
.   .   .   .   .   .   BLANK: Lexeme( )
.   .   .   .   .   .   In: Lexeme(in)
.   .   .   .   .   .   BLANK: Lexeme( )
.   .   .   .   .   .   WORD: Word()
.   .   .   .   .   .   .   Lexeme(*)
.   .   .   .   .   .   ): Lexeme(<CLOSE>)
.   .   .   .   .   .   BLANK: Lexeme( )
.   .   .   .   .   .   WORD: Word()
.   .   .   .   .   .   .   Lexeme(echo)
.   .   .   .   .   .   BLANK: Lexeme( )
.   .   .   .   .   .   WORD: Word()
.   .   .   .   .   .   .   Lexeme(hello)
.   .   .   .   .   .   DSEMI: Operator(;;)
.   .   .   .   .   .   BLANK: Lexeme( )
.   .   .   .   .   .   Esac: Lexeme(esac)
.   .   Comments()
