List()
.   AndOrList(sep=)
.   .   first: Pipeline(banged=0)
.   .   .   SimpleCommand()
.   .   .   .   name: Word()
.   .   .   .   .   Lexeme(echo)
.   .   .   .   argument: Word()
.   .   .   .   .   QQString()
.   .   .   .   .   .   CommandSubstitution()
.   .   .   .   .   .   .   WORD: Word()
.   .   .   .   .   .   .   .   Lexeme(cat)
.   .   .   .   .   .   .   BLANK: Lexeme( )
.   .   .   .   .   .   .   IO_HERE: HereDoc(<<)
.   .   .   .   .   .   .   .   delimiter: Word()
.   .   .   .   .   .   .   .   .   Lexeme(A)
.   .   .   .   .   .   .   ;: Lexeme(;)
.   .   .   .   .   .   .   BLANK: Lexeme( )
.   .   .   .   .   .   .   WORD: Word()
.   .   .   .   .   .   .   .   Lexeme(cat)
.   .   .   .   .   .   .   BLANK: Lexeme( )
.   .   .   .   .   .   .   IO_HERE: HereDoc(<<)
.   .   .   .   .   .   .   .   delimiter: Word()
.   .   .   .   .   .   .   .   .   Lexeme(B)
.   .   .   .   .   .   .   NEWLINE: Lexeme(<NEWLINE>)
.   .   .   .   .   .   Lexeme(, %username%)
