List()
.   Comments()
.   AndOrList(sep=)
.   .   Pipeline(banged=0)
.   .   .   SimpleCommand()
.   .   .   .   prefix: Word()
.   .   .   .   .   Lexeme(a=1)
.   .   Comments()
.   .   .   Comment( hello)
.   AndOrList(sep=)
.   .   Pipeline(banged=0)
.   .   .   SimpleCommand()
.   .   .   .   name: Word()
.   .   .   .   .   CommandSubstitution()
.   .   .   .   .   .   WORD: Word()
.   .   .   .   .   .   .   Lexeme(echo)
.   .   .   .   .   .   BLANK: Lexeme( )
.   .   .   .   .   .   WORD: Word()
.   .   .   .   .   .   .   Lexeme(ech)
.   .   .   .   .   Lexeme(o)
.   .   .   .   argument: Word()
.   .   .   .   .   Lexeme($a)
.   .   .   .   argument: Redirection(>&)
.   .   .   .   .   filename: Word()
.   .   .   .   .   .   Lexeme(2)
.   .   Comments()
