List()
.   Comments()
.   AndOrList(sep=)
.   .   Pipeline(banged=0)
.   .   .   SimpleCommand()
.   .   .   .   name: Word()
.   .   .   .   .   Lexeme(cat)
.   .   .   .   argument: HereDoc(<<)
.   .   .   .   .   here_end: Word()
.   .   .   .   .   .   QString(E)
.   .   .   .   .   .   Lexeme(N)
.   .   .   .   .   .   QString(D)
.   .   .   .   .   line: Lexeme(line1)
.   .   Comments()
.   AndOrList(sep=)
.   .   Pipeline(banged=0)
.   .   .   SimpleCommand()
.   .   .   .   name: Word()
.   .   .   .   .   Lexeme(cat)
.   .   .   .   argument: HereDoc(<<)
.   .   .   .   .   here_end: Word()
.   .   .   .   .   .   QQString()
.   .   .   .   .   .   .   Lexeme($foo)
.   .   .   .   .   line: Lexeme(line2)
.   .   Comments()
.   AndOrList(sep=)
.   .   Pipeline(banged=0)
.   .   .   SimpleCommand()
.   .   .   .   name: Word()
.   .   .   .   .   Lexeme(cat)
.   .   .   .   argument: HereDoc(<<)
.   .   .   .   .   here_end: Word()
.   .   .   .   .   .   QQString()
.   .   .   .   .   .   .   Lexeme(E'O'F)
.   .   .   .   .   line: Lexeme(line3)
.   .   Comments()
.   AndOrList(sep=)
.   .   Pipeline(banged=0)
.   .   .   SimpleCommand()
.   .   .   .   name: Word()
.   .   .   .   .   Lexeme(cat)
.   .   .   .   argument: HereDoc(<<)
.   .   .   .   .   here_end: Word()
.   .   .   .   .   .   Lexeme(foo)
.   .   .   .   .   .   Escaped(")
.   .   .   .   .   .   Lexeme(bar)
.   .   .   .   .   .   Escaped(")
.   .   .   .   .   .   Lexeme(baz)
.   .   .   .   .   line: Lexeme(line4)
.   .   Comments()
