List()
.   AndOrList(sep=)
.   .   first: Pipeline(banged=0)
.   .   .   SimpleCommand()
.   .   .   .   name: Word()
.   .   .   .   .   Lexeme(echo)
.   .   .   .   argument: Word()
.   .   .   .   .   CommandSubstitution()
.   .   .   .   .   .   WORD: Word()
.   .   .   .   .   .   .   Lexeme(echo)
.   .   .   .   .   .   BLANK: Lexeme( )
.   .   .   .   .   .   WORD: Word()
.   .   .   .   .   .   .   Lexeme(1)
.   .   .   .   .   .   NEWLINE: Lexeme(<NEWLINE>)
.   .   .   .   .   .   WORD: Word()
.   .   .   .   .   .   .   Lexeme(echo)
.   .   .   .   .   .   BLANK: Lexeme( )
.   .   .   .   .   .   WORD: Word()
.   .   .   .   .   .   .   Lexeme(2)
.   .   .   .   .   .   ;: Lexeme(;)
.   .   .   .   .   .   BLANK: Lexeme( )
.   .   .   .   .   .   WORD: Word()
.   .   .   .   .   .   .   Lexeme(echo)
.   .   .   .   .   .   BLANK: Lexeme( )
.   .   .   .   .   .   WORD: Word()
.   .   .   .   .   .   .   QString(<NEWLINE>3<CLOSE>)
.   AndOrList(sep=)
.   .   first: Pipeline(banged=0)
.   .   .   SimpleCommand()
.   .   .   .   name: Word()
.   .   .   .   .   Lexeme(echo)
.   .   .   .   argument: Word()
.   .   .   .   .   CommandSubstitution()
.   .   .   .   .   .   WORD: Word()
.   .   .   .   .   .   .   Lexeme(cat)
.   .   .   .   .   .   BLANK: Lexeme( )
.   .   .   .   .   .   IO_HERE: HereDoc(<<)
.   .   .   .   .   .   .   delimiter: Word()
.   .   .   .   .   .   .   .   Lexeme(END)
.   .   .   .   .   .   NEWLINE: Lexeme(<NEWLINE>)
