List()
.   Comments()
.   .   Comment( correct result: pwd)
.   .   NewLine(<NEWLINE>)
.   .   Comment( incorrect result: date)
.   .   NewLine(<NEWLINE>)
.   AndOrList(sep=)
.   .   Pipeline(banged=0)
.   .   .   SimpleCommand()
.   .   .   .   name: Word()
.   .   .   .   .   Lexeme(echo)
.   .   .   .   argument: Word()
.   .   .   .   .   QQString()
.   .   .   .   .   .   CommandSubstitution()
.   .   .   .   .   .   .   WORD: Word()
.   .   .   .   .   .   .   .   Lexeme(pwd)
.   .   .   .   .   .   .   BLANK: Lexeme( )
.   .   .   .   .   .   .   WORD: Word()
.   .   .   .   .   .   .   .   QString(<CLOSE>"<GREATER>/dev/null<NEWLINE>date<NEWLINE>echo )
.   .   Comments()
.   .   .   Comment('<GREATER>/dev/null)
.   .   .   NewLine(<NEWLINE>)
