List()
.   Comments()
.   AndOrList(sep=)
.   .   Pipeline(banged=0)
.   .   .   SimpleCommand()
.   .   .   .   name: Word()
.   .   .   .   .   Lexeme(echo)
.   .   .   .   argument: Word()
.   .   .   .   .   Lexeme(a)
.   .   .   .   argument: Redirection(>)
.   .   .   .   .   filename: Word()
.   .   .   .   .   .   Lexeme(/dev/stdout)
.   .   .   .   argument: Word()
.   .   .   .   .   Lexeme(b=c)
.   .   Comments()
.   AndOrList(sep=)
.   .   Pipeline(banged=0)
.   .   .   SimpleCommand()
.   .   .   .   name: Word()
.   .   .   .   .   Lexeme(echo)
.   .   Operator(||)
.   .   Comments()
.   .   Pipeline(banged=0)
.   .   .   SimpleCommand()
.   .   .   .   prefix: Word()
.   .   .   .   .   Lexeme(FOO=1)
.   .   .   .   name: Word()
.   .   .   .   .   Lexeme(false)
.   .   Comments()
