List()
.   Comments()
.   AndOrList(sep=)
.   .   Pipeline(banged=0)
.   .   .   SimpleCommand()
.   .   .   .   prefix: Word()
.   .   .   .   .   Lexeme(includes_default=)
.   .   .   .   .   QQString()
.   .   .   .   .   .   LineConcat()
.   .   .   .   .   .   Lexeme(#if 0<NEWLINE>#endif)
.   .   Comments()
.   .   .   NewLine(<NEWLINE>)
.   .   .   NewLine(<NEWLINE>)
.   .   .   Comment( Initialize some variables set by options.)
.   .   .   NewLine(<NEWLINE>)
.   AndOrList(sep=)
.   .   Pipeline(banged=0)
.   .   .   SimpleCommand()
.   .   .   .   prefix: Word()
.   .   .   .   .   Lexeme(ac_init_help=)
.   .   Comments()
.   .   .   NewLine(<NEWLINE>)
