List()
.   Comments()
.   AndOrList(sep=)
.   .   Pipeline(banged=0)
.   .   .   CompoundCommand()
.   .   .   .   body: If()
.   .   .   .   .   condition: List()
.   .   .   .   .   .   Comments()
.   .   .   .   .   .   AndOrList(sep=;)
.   .   .   .   .   .   .   Pipeline(banged=0)
.   .   .   .   .   .   .   .   SimpleCommand()
.   .   .   .   .   .   .   .   .   name: Word()
.   .   .   .   .   .   .   .   .   .   Lexeme(true)
.   .   .   .   .   .   .   Comments()
.   .   .   .   .   then: List()
.   .   .   .   .   .   Comments()
.   .   .   .   .   .   AndOrList(sep=;)
.   .   .   .   .   .   .   Pipeline(banged=0)
.   .   .   .   .   .   .   .   SimpleCommand()
.   .   .   .   .   .   .   .   .   name: Word()
.   .   .   .   .   .   .   .   .   .   Lexeme(echo)
.   .   .   .   .   .   .   .   .   argument: Word()
.   .   .   .   .   .   .   .   .   .   Lexeme(1)
.   .   .   .   .   .   .   Comments()
.   .   .   .   .   else: List()
.   .   .   .   .   .   Comments()
.   .   .   .   .   .   AndOrList(sep=;)
.   .   .   .   .   .   .   Pipeline(banged=0)
.   .   .   .   .   .   .   .   SimpleCommand()
.   .   .   .   .   .   .   .   .   name: Word()
.   .   .   .   .   .   .   .   .   .   Lexeme(echo)
.   .   .   .   .   .   .   .   .   argument: Word()
.   .   .   .   .   .   .   .   .   .   Lexeme(2)
.   .   .   .   .   .   .   Comments()
.   .   Comments()
.   .   .   NewLine(<NEWLINE>)
.   AndOrList(sep=)
.   .   Pipeline(banged=0)
.   .   .   CompoundCommand()
.   .   .   .   body: For()
.   .   .   .   .   variable: CommentedToken()
.   .   .   .   .   .   token: Word()
.   .   .   .   .   .   .   Lexeme(i)
.   .   .   .   .   .   comments: Comments()
.   .   .   .   .   wordlist: CommentedToken()
.   .   .   .   .   .   token: WordList()
.   .   .   .   .   .   .   Word()
.   .   .   .   .   .   .   .   Lexeme(1)
.   .   .   .   .   .   .   Word()
.   .   .   .   .   .   .   .   Lexeme(2)
.   .   .   .   .   .   .   Word()
.   .   .   .   .   .   .   .   Lexeme(3)
.   .   .   .   .   .   comments: Comments()
.   .   .   .   .   body: List()
.   .   .   .   .   .   Comments()
.   .   .   .   .   .   AndOrList(sep=;)
.   .   .   .   .   .   .   Pipeline(banged=0)
.   .   .   .   .   .   .   .   SimpleCommand()
.   .   .   .   .   .   .   .   .   name: Word()
.   .   .   .   .   .   .   .   .   .   Lexeme(echo)
.   .   .   .   .   .   .   .   .   argument: Word()
.   .   .   .   .   .   .   .   .   .   Lexeme($i)
.   .   .   .   .   .   .   Comments()
.   .   Comments()
.   .   .   NewLine(<NEWLINE>)
.   AndOrList(sep=)
.   .   Pipeline(banged=0)
.   .   .   FuncDef()
.   .   .   .   name: CommentedToken()
.   .   .   .   .   token: Word()
.   .   .   .   .   .   Lexeme(func)
.   .   .   .   .   comments: Comments()
.   .   .   .   body: BraceGroup()
.   .   .   .   .   List()
.   .   .   .   .   .   Comments()
.   .   .   .   .   .   AndOrList(sep=;)
.   .   .   .   .   .   .   Pipeline(banged=0)
.   .   .   .   .   .   .   .   SimpleCommand()
.   .   .   .   .   .   .   .   .   name: Word()
.   .   .   .   .   .   .   .   .   .   Lexeme(echo)
.   .   .   .   .   .   .   .   .   argument: Word()
.   .   .   .   .   .   .   .   .   .   QQString()
.   .   .   .   .   .   .   .   .   .   .   Lexeme(foo)
.   .   .   .   .   .   .   Comments()
.   .   Comments()
.   .   .   NewLine(<NEWLINE>)
.   AndOrList(sep=)
.   .   Pipeline(banged=0)
.   .   .   SimpleCommand()
.   .   .   .   prefix: Word()
.   .   .   .   .   Lexeme(a=hello)
.   .   Comments()
.   .   .   NewLine(<NEWLINE>)
.   AndOrList(sep=)
.   .   Pipeline(banged=0)
.   .   .   SimpleCommand()
.   .   .   .   prefix: Word()
.   .   .   .   .   Lexeme(b=)
.   .   .   .   .   QQString()
.   .   .   .   .   .   Lexeme(hello)
.   .   Comments()
.   .   .   NewLine(<NEWLINE>)
.   AndOrList(sep=)
.   .   Pipeline(banged=0)
.   .   .   SimpleCommand()
.   .   .   .   name: Word()
.   .   .   .   .   Lexeme(echo)
.   .   .   .   argument: Word()
.   .   .   .   .   Lexeme(foo)
.   .   .   .   .   QString(b a r)
.   .   .   .   .   QQString()
.   .   .   .   .   .   Lexeme(b a z)
.   .   .   .   argument: Word()
.   .   .   .   .   Lexeme(test)
.   .   Comments()
.   .   .   NewLine(<NEWLINE>)
.   AndOrList(sep=)
.   .   Pipeline(banged=0)
.   .   .   SimpleCommand()
.   .   .   .   name: Word()
.   .   .   .   .   QQString()
.   .   .   .   .   .   Lexeme(x=hello)
.   .   Operator(||)
.   .   Comments()
.   .   Pipeline(banged=0)
.   .   .   SimpleCommand()
.   .   .   .   name: Word()
.   .   .   .   .   Lexeme(echo)
.   .   .   .   argument: Word()
.   .   .   .   .   QQString()
.   .   .   .   .   .   Lexeme(ok)
.   .   Comments()
.   .   .   NewLine(<NEWLINE>)
.   AndOrList(sep=)
.   .   Pipeline(banged=0)
.   .   .   SimpleCommand()
.   .   .   .   prefix: Word()
.   .   .   .   .   Lexeme(FOO=1)
.   .   .   .   prefix: Word()
.   .   .   .   .   Lexeme(BAR=2)
.   .   .   .   name: Word()
.   .   .   .   .   Lexeme(echo)
.   .   .   .   argument: Word()
.   .   .   .   .   QQString()
.   .   .   .   .   .   Lexeme(foobar)
.   .   Comments()
.   .   .   NewLine(<NEWLINE>)
