List()
.   Comments()
.   AndOrList(sep=)
.   .   Pipeline(banged=0)
.   .   .   SimpleCommand()
.   .   .   .   name: Word()
.   .   .   .   .   Lexeme(eval)
.   .   .   .   argument: Word()
.   .   .   .   .   Lexeme(args=)
.   .   .   .   .   Escaped($)
.   .   .   .   .   Lexeme(ethtool_)
.   .   .   .   .   CommandSubstitution()
.   .   .   .   .   .   WORD: Word()
.   .   .   .   .   .   .   Lexeme(echo)
.   .   .   .   .   .   BLANK: Lexeme( )
.   .   .   .   .   .   WORD: Word()
.   .   .   .   .   .   .   Lexeme($opt)
.   .   .   .   .   .   BLANK: Lexeme( )
.   .   .   .   .   .   |: Lexeme(|)
.   .   .   .   .   .   BLANK: Lexeme( )
.   .   .   .   .   .   WORD: Word()
.   .   .   .   .   .   .   Lexeme(tr)
.   .   .   .   .   .   BLANK: Lexeme( )
.   .   .   .   .   .   WORD: Word()
.   .   .   .   .   .   .   Lexeme(-)
.   .   .   .   .   .   BLANK: Lexeme( )
.   .   .   .   .   .   WORD: Word()
.   .   .   .   .   .   .   Lexeme(_)
.   .   .   .   .   Lexeme(_)
.   .   .   .   .   Lexeme(${IFVAR})
.   .   Comments()
