List()
.   Comments()
.   AndOrList(sep=)
.   .   Pipeline(banged=0)
.   .   .   SimpleCommand()
.   .   .   .   name: Word()
.   .   .   .   .   Lexeme(test)
.   .   .   .   argument: Word()
.   .   .   .   .   Lexeme($as_write_fail)
.   .   .   .   argument: Word()
.   .   .   .   .   Lexeme(=)
.   .   .   .   argument: Word()
.   .   .   .   .   Lexeme(0)
.   .   Operator(&&)
.   .   Comments()
.   .   Pipeline(banged=0)
.   .   .   SimpleCommand()
.   .   .   .   name: Word()
.   .   .   .   .   Lexeme(chmod)
.   .   .   .   argument: Word()
.   .   .   .   .   Lexeme(+x)
.   .   .   .   argument: Word()
.   .   .   .   .   Lexeme($CONFIG_STATUS)
.   .   Operator(||)
.   .   Comments()
.   .   Pipeline(banged=0)
.   .   .   SimpleCommand()
.   .   .   .   prefix: Word()
.   .   .   .   .   Lexeme(ac_write_fail=1)
.   .   Comments()
.   .   .   NewLine(<NEWLINE>)
